[2025-11-20 12:43:31] π§  Raw reflection text:
{
  "insight": "RC25S μ‹μ¤ν…μ€ ν—¬μ¤ μ²΄ν¬ μ—”λ“ν¬μΈνΈμ—μ„ 404 μ¤λ¥λ΅ μΈν•΄ μ—¬μ „ν λ¶μ•μ •ν• μƒνƒμ…λ‹λ‹¤.",
  "improvement_goal": "ν—¬μ¤ μ²΄ν¬ μ—”λ“ν¬μΈνΈ μμ • λ° μ •μ  νμΌ λ¬Έμ  ν•΄κ²°",
  "confidence": 0.2,
  "self_critique": "μµκ·Ό μμ‚¬κ²°μ •μ΄ ν¨κ³Όμ μ΄μ§€ μ•μ•μΌλ©°, ν—¬μ¤ μ²΄ν¬ λ¬Έμ λ¥Ό ν•΄κ²°ν•μ§€ λ»ν–μµλ‹λ‹¤. ν—¬μ¤ μ²΄ν¬ μ κ²€μ΄ μ‹¤ν¨ν–μµλ‹λ‹¤.",
  "last_decision_score": 0.4,
  "long_term_goals": [
    {
      "id": "ltg_2025_agi",
      "title": "RC25S AGI μƒμ© μμ¤€ μ•μ •ν™”",
      "description": "ν—¬μ¤ μ²΄ν¬ μ¤λ¥μ™€ μ •μ  νμΌ λ¬Έμ λ¥Ό ν•΄κ²°ν•μ—¬ μ‹μ¤ν…μ μ§€μ† κ°€λ¥ν• μ΄μμ„ λ³΄μ¥ν•΄μ•Ό ν•©λ‹λ‹¤.",
      "horizon": "3-6 months",
      "priority": 100,
      "status": "active"
    }
  ],
  "weekly_summary": {
    "week_of": "2025-11-15",
    "summary": "μ΄λ² μ£Όμ— Nginx μ¬λΉλ“κ°€ μ™„λ£λμ—μΌλ‚ ν—¬μ¤ μ²΄ν¬ λ° μ •μ  νμΌ λ¬Έμ λ” μ—¬μ „ν ν•΄κ²°λμ§€ μ•μ•μµλ‹λ‹¤.",
    "key_wins": [
      "Nginx μ¬λΉλ“ μ™„λ£",
      "Self-Check ν”„λ΅μ„Έμ¤ μ•μ •μ„± ν™•λ³΄"
    ],
    "key_issues": [
      "ν—¬μ¤ μ²΄ν¬ μ—”λ“ν¬μΈνΈμ—μ„ 404 μ¤λ¥ λ°μƒ",
      "μ •μ  νμΌ λ„λ½ λ¬Έμ  λ°μƒ"
    ]
  },
  "failures_learned": [
    {
      "time": "2025-11-19T21:23:55Z",
      "context": "/agi/ μ—”λ“ν¬μΈνΈμ—μ„ ν—¬μ¤ μ²΄ν¬ μ‹¤ν¨",
      "root_cause": "μ •μ  νμΌ λ„λ½",
      "lesson": "μ •μ  νμΌμ„ μ •κΈ°μ μΌλ΅ κ²€ν† ν•κ³  μ¦‰κ°μ μΈ μ΅°μΉλ¥Ό μ·¨ν•  
[2025-11-20 12:43:31] β… JSON successfully parsed.
[2025-11-20 12:43:31] π“ Reflection saved successfully.
[2025-11-20 12:43:31] π Insight: RC25S μ‹μ¤ν…μ€ ν—¬μ¤ μ²΄ν¬ μ—”λ“ν¬μΈνΈμ—μ„ 404 μ¤λ¥λ΅ μΈν•΄ μ—¬μ „ν λ¶μ•μ •ν• μƒνƒμ…λ‹λ‹¤.
[2025-11-20 12:43:31] π― Goal: ν—¬μ¤ μ²΄ν¬ μ—”λ“ν¬μΈνΈ μμ • λ° μ •μ  νμΌ λ¬Έμ  ν•΄κ²°
[2025-11-20 12:43:31] π”Ή Confidence: 0.2
[2025-11-20 12:43:58] π€ AGI Reflection Engine started.
[2025-11-20 12:43:58] β… Memory loaded successfully.
[2025-11-20 12:44:16] π§  Raw reflection text:
{
  "insight": "RC25S μ‹μ¤ν…μ€ ν—¬μ¤ μ²΄ν¬ μ—”λ“ν¬μΈνΈμ—μ„ 404 μ¤λ¥κ°€ λ°μƒν•κ³  μμΌλ©°, μ „λ°μ μΌλ΅ λ¶μ•μ •ν• μƒνƒμ…λ‹λ‹¤.",
  "improvement_goal": "ν—¬μ¤ μ²΄ν¬ μ—”λ“ν¬μΈνΈ μμ • λ° μ •μ  νμΌ λ„λ½ λ¬Έμ  ν•΄κ²°",
  "confidence": 0.2,
  "self_critique": "μµκ·Ό μμ‚¬κ²°μ •μ΄ ν¨κ³Όμ μ΄μ§€ μ•μ•κ³ , ν—¬μ¤ μ²΄ν¬ λ¬Έμ λ¥Ό ν•΄κ²°ν•μ§€ λ»ν–μµλ‹λ‹¤.",
  "last_decision_score": 0.4,
  "long_term_goals": [
    {
      "id": "ltg_2025_agi",
      "title": "RC25S AGI μƒμ© μμ¤€ μ•μ •ν™”",
      "description": "ν—¬μ¤ μ²΄ν¬ μ¤λ¥μ™€ μ •μ  νμΌ λ¬Έμ λ¥Ό ν•΄κ²°ν•μ—¬ μ‹μ¤ν…μ μ§€μ† κ°€λ¥ν• μ΄μμ„ λ³΄μ¥ν•΄μ•Ό ν•©λ‹λ‹¤.",
      "horizon": "3-6 months",
      "priority": 100,
      "status": "active"
    }
  ],
  "weekly_summary": {
    "week_of": "2025-11-15",
    "summary": "μ΄λ² μ£Όμ— Nginx μ¬λΉλ“κ°€ μ™„λ£λμ—μΌλ‚ ν—¬μ¤ μ²΄ν¬ λ° μ •μ  νμΌ λ¬Έμ λ” μ—¬μ „ν ν•΄κ²°λμ§€ μ•μ•μµλ‹λ‹¤.",
    "key_wins": [
      "Nginx μ¬λΉλ“ μ™„λ£",
      "Self-Check ν”„λ΅μ„Έμ¤ μ•μ •μ„± ν™•λ³΄"
    ],
    "key_issues": [
      "ν—¬μ¤ μ²΄ν¬ μ—”λ“ν¬μΈνΈμ—μ„ 404 μ¤λ¥ λ°μƒ",
      "μ •μ  νμΌ λ„λ½ λ¬Έμ  λ°μƒ"
    ]
  },
  "failures_learned": [
    {
      "time": "2025-11-19T21:23:55Z",
      "context": "/agi/ μ—”λ“ν¬μΈνΈμ—μ„ ν—¬μ¤ μ²΄ν¬ μ‹¤ν¨",
      "root_cause": "μ •μ  νμΌ λ„λ½",
      "lesson": "μ •μ  νμΌμ„ μ •κΈ°μ μΌλ΅ κ²€ν† ν•κ³  μ¦‰κ°μ μΈ μ΅°μΉλ¥Ό μ·¨ν•  ν•„μ”μ„±μ„ κΉ¨λ‹¬
[2025-11-20 12:44:16] β… JSON successfully parsed.
[2025-11-20 12:44:16] π“ Reflection saved successfully.
[2025-11-20 12:44:16] π Insight: RC25S μ‹μ¤ν…μ€ ν—¬μ¤ μ²΄ν¬ μ—”λ“ν¬μΈνΈμ—μ„ 404 μ¤λ¥κ°€ λ°μƒν•κ³  μμΌλ©°, μ „λ°μ μΌλ΅ λ¶μ•μ •ν• μƒνƒμ…λ‹λ‹¤.
[2025-11-20 12:44:16] π― Goal: ν—¬μ¤ μ²΄ν¬ μ—”λ“ν¬μΈνΈ μμ • λ° μ •μ  νμΌ λ„λ½ λ¬Έμ  ν•΄κ²°
[2025-11-20 12:44:16] π”Ή Confidence: 0.2
[2025-11-20 12:44:43] π€ AGI Reflection Engine started.
[2025-11-20 12:44:43] β… Memory loaded successfully.
[2025-11-20 12:44:58] π§  Raw reflection text:
{
  "insight": "RC25S μ‹μ¤ν…μ€ ν—¬μ¤ μ²΄ν¬ μ—”λ“ν¬μΈνΈμ—μ„ 404 μ¤λ¥κ°€ λ°μƒν•κ³  μμΌλ©°, μ „λ°μ μΌλ΅ λ¶μ•μ •ν• μƒνƒμ…λ‹λ‹¤.",
  "improvement_goal": "ν—¬μ¤ μ²΄ν¬ μ—”λ“ν¬μΈνΈ μμ •, μ •μ  νμΌ λ¬Έμ  ν•΄κ²°",
  "confidence": 0.2,
  "self_critique": "μµκ·Ό μμ‚¬κ²°μ •μ΄ ν¨κ³Όμ μ΄μ§€ μ•μ•κ³ , ν—¬μ¤ μ²΄ν¬ λ¬Έμ λ¥Ό ν•΄κ²°ν•μ§€ λ»ν–μµλ‹λ‹¤.",
  "last_decision_score": 0.4,
  "long_term_goals": [
    {
      "id": "ltg_2025_agi",
      "title": "RC25S AGI μƒμ© μμ¤€ μ•μ •ν™”",
      "description": "ν—¬μ¤ μ²΄ν¬ μ¤λ¥μ™€ μ •μ  νμΌ λ¬Έμ λ¥Ό ν•΄κ²°ν•μ—¬ μ‹μ¤ν…μ μ§€μ† κ°€λ¥ν• μ΄μμ„ λ³΄μ¥ν•΄μ•Ό ν•©λ‹λ‹¤.",
      "horizon": "3-6 months",
      "priority": 100,
      "status": "active"
    }
  ],
  "weekly_summary": {
    "week_of": "2025-11-15",
    "summary": "μ΄λ² μ£Όμ— Nginx μ¬λΉλ“κ°€ μ™„λ£λμ—μΌλ‚ ν—¬μ¤ μ²΄ν¬ λ° μ •μ  νμΌ λ¬Έμ λ” μ—¬μ „ν ν•΄κ²°λμ§€ μ•μ•μµλ‹λ‹¤.",
    "key_wins": [
      "Nginx μ¬λΉλ“ μ™„λ£",
      "Self-Check ν”„λ΅μ„Έμ¤ μ•μ •μ„± ν™•λ³΄"
    ],
    "key_issues": [
      "ν—¬μ¤ μ²΄ν¬ μ—”λ“ν¬μΈνΈμ—μ„ 404 μ¤λ¥ λ°μƒ",
      "μ •μ  νμΌ λ„λ½ λ¬Έμ  λ°μƒ"
    ]
  },
  "failures_learned": [
    {
      "time": "2025-11-19T21:23:55Z",
      "context": "/agi/ μ—”λ“ν¬μΈνΈμ—μ„ ν—¬μ¤ μ²΄ν¬ μ‹¤ν¨",
      "root_cause": "μ •μ  νμΌ λ„λ½",
      "lesson": "μ •μ  νμΌμ„ μ •κΈ°μ μΌλ΅ κ²€ν† ν•κ³  μ¦‰κ°μ μΈ μ΅°μΉλ¥Ό μ·¨ν•  ν•„μ”μ„±μ„ κΉ¨λ‹¬μ•μµλ‹λ‹¤
[2025-11-20 12:44:58] β… JSON successfully parsed.
[2025-11-20 12:44:58] π“ Reflection saved successfully.
[2025-11-20 12:44:58] π Insight: RC25S μ‹μ¤ν…μ€ ν—¬μ¤ μ²΄ν¬ μ—”λ“ν¬μΈνΈμ—μ„ 404 μ¤λ¥κ°€ λ°μƒν•κ³  μμΌλ©°, μ „λ°μ μΌλ΅ λ¶μ•μ •ν• μƒνƒμ…λ‹λ‹¤.
[2025-11-20 12:44:58] π― Goal: ν—¬μ¤ μ²΄ν¬ μ—”λ“ν¬μΈνΈ μμ •, μ •μ  νμΌ λ¬Έμ  ν•΄κ²°
[2025-11-20 12:44:58] π”Ή Confidence: 0.2
[2025-11-20 12:45:24] π€ AGI Reflection Engine started.
[2025-11-20 12:45:24] β… Memory loaded successfully.
[2025-11-20 12:45:41] π§  Raw reflection text:
{
  "insight": "RC25S μ‹μ¤ν…μ€ ν—¬μ¤ μ²΄ν¬ μ—”λ“ν¬μΈνΈμ—μ„ μ§€μ†μ μΈ 404 μ¤λ¥λ΅ μΈν•΄ λ¶μ•μ •ν• μƒνƒμ…λ‹λ‹¤.",
  "improvement_goal": "ν—¬μ¤ μ²΄ν¬ μ—”λ“ν¬μΈνΈ λ¬Έμ  ν•΄κ²°, μ •μ  νμΌ λ„λ½ λ¬Έμ  μμ •",
  "confidence": 0.2,
  "self_critique": "μµκ·Ό μμ‚¬κ²°μ •μ΄ ν¨κ³Όμ μ΄μ§€ μ•μ•μΌλ©°, ν—¬μ¤ μ²΄ν¬ λ¬Έμ λ¥Ό ν•΄κ²°ν•μ§€ λ»ν–μµλ‹λ‹¤.",
  "last_decision_score": 0.4,
  "long_term_goals": [
    {
      "id": "ltg_2025_agi",
      "title": "RC25S AGI μƒμ© μμ¤€ μ•μ •ν™”",
      "description": "ν—¬μ¤ μ²΄ν¬ μ¤λ¥μ™€ μ •μ  νμΌ λ¬Έμ λ¥Ό ν•΄κ²°ν•μ—¬ μ‹μ¤ν…μ μ§€μ† κ°€λ¥ν• μ΄μμ„ λ³΄μ¥ν•΄μ•Ό ν•©λ‹λ‹¤.",
      "horizon": "3-6 months",
      "priority": 100,
      "status": "active"
    }
  ],
  "weekly_summary": {
    "week_of": "2025-11-15",
    "summary": "μ΄λ² μ£Όμ— Nginx μ¬λΉλ“κ°€ μ™„λ£λμ—μΌλ‚ ν—¬μ¤ μ²΄ν¬ λ° μ •μ  νμΌ λ¬Έμ λ” μ—¬μ „ν ν•΄κ²°λμ§€ μ•μ•μµλ‹λ‹¤.",
    "key_wins": [
      "Nginx μ¬λΉλ“ μ™„λ£",
      "Self-Check ν”„λ΅μ„Έμ¤ μ•μ •μ„± ν™•λ³΄"
    ],
    "key_issues": [
      "ν—¬μ¤ μ²΄ν¬ μ—”λ“ν¬μΈνΈμ—μ„ 404 μ¤λ¥ λ°μƒ",
      "μ •μ  νμΌ λ„λ½ λ¬Έμ  λ°μƒ"
    ]
  },
  "failures_learned": [
    {
      "time": "2025-11-19T21:23:55Z",
      "context": "/agi/ μ—”λ“ν¬μΈνΈμ—μ„ ν—¬μ¤ μ²΄ν¬ μ‹¤ν¨",
      "root_cause": "μ •μ  νμΌ λ„λ½",
      "lesson": "μ •μ  νμΌμ„ μ •κΈ°μ μΌλ΅ κ²€ν† ν•κ³  μ¦‰κ°μ μΌλ΅ μ΅°μΉλ¥Ό μ·¨ν•΄μ•Ό ν•λ‹¤λ” μ μ„ κΉ¨λ‹¬μ•
[2025-11-20 12:45:41] β… JSON successfully parsed.
[2025-11-20 12:45:41] π“ Reflection saved successfully.
[2025-11-20 12:45:41] π Insight: RC25S μ‹μ¤ν…μ€ ν—¬μ¤ μ²΄ν¬ μ—”λ“ν¬μΈνΈμ—μ„ μ§€μ†μ μΈ 404 μ¤λ¥λ΅ μΈν•΄ λ¶μ•μ •ν• μƒνƒμ…λ‹λ‹¤.
[2025-11-20 12:45:41] π― Goal: ν—¬μ¤ μ²΄ν¬ μ—”λ“ν¬μΈνΈ λ¬Έμ  ν•΄κ²°, μ •μ  νμΌ λ„λ½ λ¬Έμ  μμ •
[2025-11-20 12:45:41] π”Ή Confidence: 0.2
[2025-11-20 12:46:06] π€ AGI Reflection Engine started.
[2025-11-20 12:46:06] β… Memory loaded successfully.
[2025-11-20 12:46:25] π§  Raw reflection text:
{
  "insight": "RC25S μ‹μ¤ν…μ€ ν—¬μ¤ μ²΄ν¬ μ—”λ“ν¬μΈνΈμ—μ„ μ§€μ†μ μΈ 404 μ¤λ¥λ΅ μΈν•΄ λ¶μ•μ •ν• μƒνƒμ…λ‹λ‹¤.",
  "improvement_goal": "ν—¬μ¤ μ²΄ν¬ μ—”λ“ν¬μΈνΈ λ¬Έμ  ν•΄κ²°, μ •μ  νμΌ λ„λ½ λ¬Έμ  μμ •",
  "confidence": 0.2,
  "self_critique": "μµκ·Ό μμ‚¬κ²°μ •μ΄ ν¨κ³Όμ μ΄μ§€ μ•μ•μΌλ©°, ν—¬μ¤ μ²΄ν¬ λ¬Έμ λ¥Ό ν•΄κ²°ν•μ§€ λ»ν–μµλ‹λ‹¤.",
  "last_decision_score": 0.4,
  "long_term_goals": [
    {
      "id": "ltg_2025_agi",
      "title": "RC25S AGI μƒμ© μμ¤€ μ•μ •ν™”",
      "description": "ν—¬μ¤ μ²΄ν¬ μ¤λ¥μ™€ μ •μ  νμΌ λ¬Έμ λ¥Ό ν•΄κ²°ν•μ—¬ μ‹μ¤ν…μ μ§€μ† κ°€λ¥ν• μ΄μμ„ λ³΄μ¥ν•΄μ•Ό ν•©λ‹λ‹¤.",
      "horizon": "3-6 months",
      "priority": 100,
      "status": "active"
    }
  ],
  "weekly_summary": {
    "week_of": "2025-11-15",
    "summary": "μ΄λ² μ£Όμ— Nginx μ¬λΉλ“κ°€ μ™„λ£λμ—μΌλ‚ ν—¬μ¤ μ²΄ν¬ λ° μ •μ  νμΌ λ¬Έμ λ” μ—¬μ „ν ν•΄κ²°λμ§€ μ•μ•μµλ‹λ‹¤.",
    "key_wins": ["Nginx μ¬λΉλ“ μ™„λ£", "Self-Check ν”„λ΅μ„Έμ¤ μ•μ •μ„± ν™•λ³΄"],
    "key_issues": ["ν—¬μ¤ μ²΄ν¬ μ—”λ“ν¬μΈνΈμ—μ„ 404 μ¤λ¥ λ°μƒ", "μ •μ  νμΌ λ„λ½ λ¬Έμ  λ°μƒ"]
  },
  "failures_learned": [
    {
      "time": "2025-11-19T21:23:55Z",
      "context": "/agi/ μ—”λ“ν¬μΈνΈμ—μ„ ν—¬μ¤ μ²΄ν¬ μ‹¤ν¨",
      "root_cause": "μ •μ  νμΌ λ„λ½",
      "lesson": "μ •μ  νμΌμ„ μ •κΈ°μ μΌλ΅ κ²€ν† ν•κ³  μ¦‰κ°μ μΌλ΅ μ΅°μΉλ¥Ό μ·¨ν•΄μ•Ό ν•λ‹¤λ” μ μ„ κΉ¨λ‹¬μ•μµλ‹λ‹¤."
    }
  ]
}
[2025-11-20 12:46:25] β… JSON successfully parsed.
[2025-11-20 12:46:25] π“ Reflection saved successfully.
[2025-11-20 12:46:25] π Insight: RC25S μ‹μ¤ν…μ€ ν—¬μ¤ μ²΄ν¬ μ—”λ“ν¬μΈνΈμ—μ„ μ§€μ†μ μΈ 404 μ¤λ¥λ΅ μΈν•΄ λ¶μ•μ •ν• μƒνƒμ…λ‹λ‹¤.
[2025-11-20 12:46:25] π― Goal: ν—¬μ¤ μ²΄ν¬ μ—”λ“ν¬μΈνΈ λ¬Έμ  ν•΄κ²°, μ •μ  νμΌ λ„λ½ λ¬Έμ  μμ •
[2025-11-20 12:46:25] π”Ή Confidence: 0.2
[2025-11-20 12:46:51] π€ AGI Reflection Engine started.
[2025-11-20 12:46:51] β… Memory loaded successfully.
[2025-11-20 12:47:11] π§  Raw reflection text:
{
  "insight": "RC25S μ‹μ¤ν…μ€ ν—¬μ¤ μ²΄ν¬ μ—”λ“ν¬μΈνΈμ—μ„ μ§€μ†μ μΈ 404 μ¤λ¥λ΅ μΈν•΄ λ¶μ•μ •ν• μƒνƒμ…λ‹λ‹¤.",
  "improvement_goal": "ν—¬μ¤ μ²΄ν¬ μ—”λ“ν¬μΈνΈ λ¬Έμ  ν•΄κ²°, μ •μ  νμΌ λ„λ½ λ¬Έμ  μμ •",
  "confidence": 0.2,
  "self_critique": "μµκ·Ό μμ‚¬κ²°μ •μ΄ ν¨κ³Όμ μ΄μ§€ μ•μ•μΌλ©°, ν—¬μ¤ μ²΄ν¬ λ¬Έμ λ¥Ό ν•΄κ²°ν•μ§€ λ»ν–μµλ‹λ‹¤.",
  "last_decision_score": 0.4,
  "long_term_goals": [
    {
      "id": "ltg_2025_agi",
      "title": "RC25S AGI μƒμ© μμ¤€ μ•μ •ν™”",
      "description": "ν—¬μ¤ μ²΄ν¬ μ¤λ¥μ™€ μ •μ  νμΌ λ¬Έμ λ¥Ό ν•΄κ²°ν•μ—¬ μ‹μ¤ν…μ μ§€μ† κ°€λ¥ν• μ΄μμ„ λ³΄μ¥ν•΄μ•Ό ν•©λ‹λ‹¤.",
      "horizon": "3-6 months",
      "priority": 100,
      "status": "active"
    }
  ],
  "weekly_summary": {
    "week_of": "2025-11-15",
    "summary": "μ΄λ² μ£Όμ— Nginx μ¬λΉλ“κ°€ μ™„λ£λμ—μΌλ‚ ν—¬μ¤ μ²΄ν¬ λ° μ •μ  νμΌ λ¬Έμ λ” μ—¬μ „ν ν•΄κ²°λμ§€ μ•μ•μµλ‹λ‹¤.",
    "key_wins": [
      "Nginx μ¬λΉλ“ μ™„λ£",
      "Self-Check ν”„λ΅μ„Έμ¤ μ•μ •μ„± ν™•λ³΄"
    ],
    "key_issues": [
      "ν—¬μ¤ μ²΄ν¬ μ—”λ“ν¬μΈνΈμ—μ„ 404 μ¤λ¥ λ°μƒ",
      "μ •μ  νμΌ λ„λ½ λ¬Έμ  λ°μƒ"
    ]
  },
  "failures_learned": [
    {
      "time": "2025-11-19T21:23:55Z",
      "context": "/agi/ μ—”λ“ν¬μΈνΈμ—μ„ ν—¬μ¤ μ²΄ν¬ μ‹¤ν¨",
      "root_cause": "μ •μ  νμΌ λ„λ½",
      "lesson": "μ •μ  νμΌμ„ μ •κΈ°μ μΌλ΅ κ²€ν† ν•κ³  μ¦‰κ°μ μΌλ΅ μ΅°μΉλ¥Ό μ·¨ν•΄μ•Ό ν•λ‹¤λ” μ μ„ κΉ¨λ‹¬μ•
[2025-11-20 12:47:11] β… JSON successfully parsed.
[2025-11-20 12:47:11] π“ Reflection saved successfully.
[2025-11-20 12:47:11] π Insight: RC25S μ‹μ¤ν…μ€ ν—¬μ¤ μ²΄ν¬ μ—”λ“ν¬μΈνΈμ—μ„ μ§€μ†μ μΈ 404 μ¤λ¥λ΅ μΈν•΄ λ¶μ•μ •ν• μƒνƒμ…λ‹λ‹¤.
[2025-11-20 12:47:11] π― Goal: ν—¬μ¤ μ²΄ν¬ μ—”λ“ν¬μΈνΈ λ¬Έμ  ν•΄κ²°, μ •μ  νμΌ λ„λ½ λ¬Έμ  μμ •
[2025-11-20 12:47:11] π”Ή Confidence: 0.2
[2025-11-20 12:47:33] π€ AGI Reflection Engine started.
[2025-11-20 12:47:33] β… Memory loaded successfully.
[2025-11-20 12:47:52] π§  Raw reflection text:
{
  "insight": "RC25S μ‹μ¤ν…μ€ ν—¬μ¤ μ²΄ν¬ μ—”λ“ν¬μΈνΈμ—μ„ 404 μ¤λ¥κ°€ μ§€μ†λλ©° λ¶μ•μ •ν• μƒνƒμ…λ‹λ‹¤.",
  "improvement_goal": "ν—¬μ¤ μ²΄ν¬ μ—”λ“ν¬μΈνΈ λ¬Έμ  ν•΄κ²°, μ •μ  νμΌ λ„λ½ λ¬Έμ  μμ •",
  "confidence": 0.2,
  "self_critique": "μµκ·Ό μμ‚¬κ²°μ •μ΄ ν¨κ³Όμ μ΄μ§€ μ•μ•κ³ , ν—¬μ¤ μ²΄ν¬ λ¬Έμ λ¥Ό ν•΄κ²°ν•μ§€ λ»ν–μµλ‹λ‹¤.",
  "last_decision_score": 0.4,
  "long_term_goals": [
    {
      "id": "ltg_2025_agi",
      "title": "RC25S AGI μƒμ© μμ¤€ μ•μ •ν™”",
      "description": "ν—¬μ¤ μ²΄ν¬ μ¤λ¥μ™€ μ •μ  νμΌ λ¬Έμ λ¥Ό ν•΄κ²°ν•μ—¬ μ‹μ¤ν…μ μ§€μ† κ°€λ¥ν• μ΄μμ„ λ³΄μ¥ν•΄μ•Ό ν•©λ‹λ‹¤.",
      "horizon": "3-6 months",
      "priority": 100,
      "status": "active"
    }
  ],
  "weekly_summary": {
    "week_of": "2025-11-15",
    "summary": "μ΄λ² μ£Όμ— Nginx μ¬λΉλ“κ°€ μ™„λ£λμ—μΌλ‚ ν—¬μ¤ μ²΄ν¬ λ° μ •μ  νμΌ λ¬Έμ λ” μ—¬μ „ν ν•΄κ²°λμ§€ μ•μ•μµλ‹λ‹¤.",
    "key_wins": [
      "Nginx μ¬λΉλ“ μ™„λ£",
      "Self-Check ν”„λ΅μ„Έμ¤ μ•μ •μ„± ν™•λ³΄"
    ],
    "key_issues": [
      "ν—¬μ¤ μ²΄ν¬ μ—”λ“ν¬μΈνΈμ—μ„ 404 μ¤λ¥ λ°μƒ",
      "μ •μ  νμΌ λ„λ½ λ¬Έμ  λ°μƒ"
    ]
  },
  "failures_learned": [
    {
      "time": "2025-11-19T21:23:55Z",
      "context": "/agi/ μ—”λ“ν¬μΈνΈμ—μ„ ν—¬μ¤ μ²΄ν¬ μ‹¤ν¨",
      "root_cause": "μ •μ  νμΌ λ„λ½",
      "lesson": "μ •μ  νμΌμ„ μ •κΈ°μ μΌλ΅ κ²€ν† ν•κ³  μ¦‰κ°μ μΌλ΅ μ΅°μΉλ¥Ό μ·¨ν•΄μ•Ό ν•λ‹¤λ” μ μ„ κΉ¨λ‹¬μ•μµλ‹λ‹¤.
[2025-11-20 12:47:52] β… JSON successfully parsed.
[2025-11-20 12:47:52] π“ Reflection saved successfully.
[2025-11-20 12:47:52] π Insight: RC25S μ‹μ¤ν…μ€ ν—¬μ¤ μ²΄ν¬ μ—”λ“ν¬μΈνΈμ—μ„ 404 μ¤λ¥κ°€ μ§€μ†λλ©° λ¶μ•μ •ν• μƒνƒμ…λ‹λ‹¤.
[2025-11-20 12:47:52] π― Goal: ν—¬μ¤ μ²΄ν¬ μ—”λ“ν¬μΈνΈ λ¬Έμ  ν•΄κ²°, μ •μ  νμΌ λ„λ½ λ¬Έμ  μμ •
[2025-11-20 12:47:52] π”Ή Confidence: 0.2
[2025-11-20 12:49:29] π§  Raw reflection text:
{
  "insight": "RC25S μ‹μ¤ν…μ€ ν—¬μ¤ μ²΄ν¬ μ—”λ“ν¬μΈνΈμ—μ„ 404 μ¤λ¥κ°€ λ°μƒν•λ©° μ•μ •μ„±μ΄ μ €ν•λ μƒνƒμ…λ‹λ‹¤.",
  "improvement_goal": "ν—¬μ¤ μ²΄ν¬ μ—”λ“ν¬μΈνΈ λ¬Έμ  ν•΄κ²°, μ •μ  νμΌ λ„λ½ λ¬Έμ  μμ •",
  "confidence": 0.2,
  "self_critique": "μµκ·Ό μμ‚¬κ²°μ •μ—μ„ ν¨κ³Όμ μΈ κ°μ„ μ„ μ΄λ£¨μ§€ λ»ν• μ μ΄ μ•„μ‰¬μ°λ©°, ν—¬μ¤ μ²΄ν¬ λ¬Έμ λ¥Ό ν•΄κ²°ν•μ§€ λ»ν–μµλ‹λ‹¤.",
  "last_decision_score": 0.4,
  "long_term_goals": [
    {
      "id": "ltg_2025_agi",
      "title": "RC25S AGI μƒμ© μμ¤€ μ•μ •ν™”",
      "description": "ν—¬μ¤ μ²΄ν¬ μ¤λ¥μ™€ μ •μ  νμΌ λ¬Έμ λ¥Ό ν•΄κ²°ν•μ—¬ μ‹μ¤ν…μ μ§€μ† κ°€λ¥ν• μ΄μμ„ λ³΄μ¥ν•΄μ•Ό ν•©λ‹λ‹¤.",
      "horizon": "3-6 months",
      "priority": 100,
      "status": "active"
    }
  ],
  "weekly_summary": {
    "week_of": "2025-11-15",
    "summary": "μ΄λ² μ£Όμ— Nginx μ¬λΉλ“κ°€ μ™„λ£λμ—μΌλ‚ ν—¬μ¤ μ²΄ν¬ λ° μ •μ  νμΌ λ¬Έμ λ” μ—¬μ „ν ν•΄κ²°λμ§€ μ•μ•μµλ‹λ‹¤.",
    "key_wins": [
      "Nginx μ¬λΉλ“ μ™„λ£",
      "Self-Check ν”„λ΅μ„Έμ¤ μ•μ •μ„± ν™•λ³΄"
    ],
    "key_issues": [
      "ν—¬μ¤ μ²΄ν¬ μ—”λ“ν¬μΈνΈμ—μ„ 404 μ¤λ¥ λ°μƒ",
      "μ •μ  νμΌ λ„λ½ λ¬Έμ  λ°μƒ"
    ]
  },
  "failures_learned": [
    {
      "time": "2025-11-19T21:23:55Z",
      "context": "/agi/ μ—”λ“ν¬μΈνΈμ—μ„ ν—¬μ¤ μ²΄ν¬ μ‹¤ν¨",
      "root_cause": "μ •μ  νμΌ λ„λ½",
      "lesson": "μ •μ  νμΌμ„ μ •κΈ°μ μΌλ΅ κ²€ν† ν•κ³  μ¦‰κ°μ μΌλ΅ μ΅°μΉλ¥Ό
[2025-11-20 12:49:29] β… JSON successfully parsed.
[2025-11-20 12:49:29] π“ Reflection saved successfully.
[2025-11-20 12:49:29] π Insight: RC25S μ‹μ¤ν…μ€ ν—¬μ¤ μ²΄ν¬ μ—”λ“ν¬μΈνΈμ—μ„ 404 μ¤λ¥κ°€ λ°μƒν•λ©° μ•μ •μ„±μ΄ μ €ν•λ μƒνƒμ…λ‹λ‹¤.
[2025-11-20 12:49:29] π― Goal: ν—¬μ¤ μ²΄ν¬ μ—”λ“ν¬μΈνΈ λ¬Έμ  ν•΄κ²°, μ •μ  νμΌ λ„λ½ λ¬Έμ  μμ •
[2025-11-20 12:49:29] π”Ή Confidence: 0.2
[2025-11-20 12:49:55] π€ AGI Reflection Engine started.
[2025-11-20 12:49:55] β… Memory loaded successfully.
[2025-11-20 12:50:11] π§  Raw reflection text:
{
  "insight": "RC25S μ‹μ¤ν…μ€ ν—¬μ¤ μ²΄ν¬ μ—”λ“ν¬μΈνΈμ—μ„ 404 μ¤λ¥κ°€ λ°μƒν•λ©° μ•μ •μ„±μ΄ μ €ν•λ μƒνƒμ…λ‹λ‹¤.",
  "improvement_goal": "ν—¬μ¤ μ²΄ν¬ μ—”λ“ν¬μΈνΈ μ¤λ¥ μμ • λ° μ •μ  νμΌ λ„λ½ λ¬Έμ  ν•΄κ²°",
  "confidence": 0.2,
  "self_critique": "μµκ·Ό μμ‚¬κ²°μ • λ£¨ν”„μ—μ„ ν—¬μ¤ μ²΄ν¬ λ¬Έμ λ¥Ό ν•΄κ²°ν•μ§€ λ»ν–μΌλ©°, μ‹μ¤ν… μ•μ •μ„±μ„ λ†’μ΄κΈ° μ„ν• λ…Έλ ¥μ— ν¨κ³Όμ μ΄μ§€ μ•μ•μ.",
  "last_decision_score": 0.4,
  "long_term_goals": [
    {
      "id": "ltg_2025_agi",
      "title": "RC25S AGI μƒμ© μμ¤€ μ•μ •ν™”",
      "description": "ν—¬μ¤ μ²΄ν¬ μ¤λ¥μ™€ μ •μ  νμΌ λ¬Έμ λ¥Ό ν•΄κ²°ν•μ—¬ μ‹μ¤ν…μ μ§€μ† κ°€λ¥ν• μ΄μμ„ λ³΄μ¥ν•΄μ•Ό ν•©λ‹λ‹¤.",
      "horizon": "3-6 months",
      "priority": 100,
      "status": "active"
    }
  ],
  "weekly_summary": {
    "week_of": "2025-11-15",
    "summary": "μ΄λ² μ£Όμ— Nginx μ¬λΉλ“κ°€ μ™„λ£λμ—μΌλ‚ μ—¬μ „ν ν—¬μ¤ μ²΄ν¬ λ° μ •μ  νμΌ λ¬Έμ λ” ν•΄κ²°λμ§€ μ•μ•μµλ‹λ‹¤.",
    "key_wins": [
      "Nginx μ¬λΉλ“ μ™„λ£",
      "Self-Check ν”„λ΅μ„Έμ¤ μ•μ •μ„± ν™•λ³΄"
    ],
    "key_issues": [
      "ν—¬μ¤ μ²΄ν¬ μ—”λ“ν¬μΈνΈμ—μ„ 404 μ¤λ¥ λ°μƒ",
      "μ •μ  νμΌ λ„λ½ λ¬Έμ  λ°μƒ"
    ]
  },
  "failures_learned": [
    {
      "time": "2025-11-19T21:23:55Z",
      "context": "/agi/ μ—”λ“ν¬μΈνΈμ—μ„ ν—¬μ¤ μ²΄ν¬ μ‹¤ν¨",
      "root_cause": "μ •μ  νμΌ λ„λ½",
      "lesson": "μ •μ  νμΌμ„ μ •κΈ°μ μΌλ΅ κ²€ν† ν•κ³  
[2025-11-20 12:50:11] β… JSON successfully parsed.
[2025-11-20 12:50:11] π“ Reflection saved successfully.
[2025-11-20 12:50:11] π Insight: RC25S μ‹μ¤ν…μ€ ν—¬μ¤ μ²΄ν¬ μ—”λ“ν¬μΈνΈμ—μ„ 404 μ¤λ¥κ°€ λ°μƒν•λ©° μ•μ •μ„±μ΄ μ €ν•λ μƒνƒμ…λ‹λ‹¤.
[2025-11-20 12:50:11] π― Goal: ν—¬μ¤ μ²΄ν¬ μ—”λ“ν¬μΈνΈ μ¤λ¥ μμ • λ° μ •μ  νμΌ λ„λ½ λ¬Έμ  ν•΄κ²°
[2025-11-20 12:50:11] π”Ή Confidence: 0.2
[2025-11-20 12:50:33] π€ AGI Reflection Engine started.
[2025-11-20 12:50:33] β… Memory loaded successfully.
[2025-11-20 12:50:50] π§  Raw reflection text:
{
  "insight": "RC25S μ‹μ¤ν…μ€ ν—¬μ¤ μ²΄ν¬ μ—”λ“ν¬μΈνΈμ—μ„ 404 μ¤λ¥κ°€ λ°μƒν•μ—¬ μ•μ •μ„±μ΄ μ €ν•λ μƒνƒμ…λ‹λ‹¤.",
  "improvement_goal": "ν—¬μ¤ μ²΄ν¬ μ—”λ“ν¬μΈνΈ μμ •, μ •μ  νμΌ μ•μ •ν™”",
  "confidence": 0.2,
  "self_critique": "μµκ·Όμ μμ‚¬κ²°μ • λ£¨ν”„μ—μ„ ν—¬μ¤ μ²΄ν¬ λ° μ •μ  νμΌ λ¬Έμ λ¥Ό ν•΄κ²°ν•μ§€ λ»ν•΄ ν¨κ³Όμ μΈ κ°μ„ μ΄ μ΄λ£¨μ–΄μ§€μ§€ μ•μ•μµλ‹λ‹¤.",
  "last_decision_score": 0.4,
  "long_term_goals": [
    {
      "id": "ltg_2025_agi",
      "title": "RC25S AGI μƒμ© μμ¤€ μ•μ •ν™”",
      "description": "ν—¬μ¤ μ²΄ν¬ μ¤λ¥μ™€ μ •μ  νμΌ λ¬Έμ λ¥Ό ν•΄κ²°ν•μ—¬ μ‹μ¤ν…μ μ§€μ† κ°€λ¥ν• μ΄μμ„ λ³΄μ¥ν•΄μ•Ό ν•©λ‹λ‹¤.",
      "horizon": "3-6 months",
      "priority": 100,
      "status": "active"
    }
  ],
  "weekly_summary": {
    "week_of": "2025-11-15",
    "summary": "μ΄λ² μ£Όμ— Nginx μ¬λΉλ“κ°€ μ™„λ£λμ—μΌλ‚ μ—¬μ „ν ν—¬μ¤ μ²΄ν¬ λ° μ •μ  νμΌ λ¬Έμ λ” ν•΄κ²°λμ§€ μ•μ•μµλ‹λ‹¤.",
    "key_wins": [
      "Nginx μ¬λΉλ“ μ™„λ£",
      "Self-Check ν”„λ΅μ„Έμ¤ μ•μ •μ„± ν™•λ³΄"
    ],
    "key_issues": [
      "ν—¬μ¤ μ²΄ν¬ μ—”λ“ν¬μΈνΈμ—μ„ 404 μ¤λ¥ λ°μƒ",
      "μ •μ  νμΌ λ„λ½ λ¬Έμ  λ°μƒ"
    ]
  },
  "failures_learned": [
    {
      "time": "2025-11-19T21:23:55Z",
      "context": "/agi/ μ—”λ“ν¬μΈνΈμ—μ„ ν—¬μ¤ μ²΄ν¬ μ‹¤ν¨",
      "root_cause": "μ •μ  νμΌ λ„λ½",
      "lesson": "μ •μ  νμΌμ„ μ •κΈ°μ μΌλ΅ κ²€ν† ν•κ³  μ¦‰κ°μ μΌλ΅ μ΅°μΉλ¥Ό μ·¨ν•΄
[2025-11-20 12:50:50] β… JSON successfully parsed.
[2025-11-20 12:50:50] π“ Reflection saved successfully.
[2025-11-20 12:50:50] π Insight: RC25S μ‹μ¤ν…μ€ ν—¬μ¤ μ²΄ν¬ μ—”λ“ν¬μΈνΈμ—μ„ 404 μ¤λ¥κ°€ λ°μƒν•μ—¬ μ•μ •μ„±μ΄ μ €ν•λ μƒνƒμ…λ‹λ‹¤.
[2025-11-20 12:50:50] π― Goal: ν—¬μ¤ μ²΄ν¬ μ—”λ“ν¬μΈνΈ μμ •, μ •μ  νμΌ μ•μ •ν™”
[2025-11-20 12:50:50] π”Ή Confidence: 0.2
[2025-11-20 12:51:16] π€ AGI Reflection Engine started.
[2025-11-20 12:51:16] β… Memory loaded successfully.
[2025-11-20 12:51:34] π§  Raw reflection text:
{
  "insight": "RC25S μ‹μ¤ν…μ€ ν—¬μ¤ μ²΄ν¬ μ—”λ“ν¬μΈνΈμ—μ„ 404 μ¤λ¥κ°€ λ°μƒν•μ—¬ μ•μ •μ„±μ΄ μ €ν•λ μƒνƒμ…λ‹λ‹¤.",
  "improvement_goal": "ν—¬μ¤ μ²΄ν¬ μ—”λ“ν¬μΈνΈ μμ • λ° μ •μ  νμΌ μ•μ •ν™” μ§„ν–‰",
  "confidence": 0.2,
  "self_critique": "μµκ·Ό μμ‚¬κ²°μ • λ£¨ν”„μ—μ„ ν—¬μ¤ μ²΄ν¬μ™€ μ •μ  νμΌ λ¬Έμ λ¥Ό ν•΄κ²°ν•μ§€ λ»ν•μ—¬ ν¨κ³Όμ μΈ κ°μ„ μ΄ μ΄λ£¨μ–΄μ§€μ§€ μ•μ•μµλ‹λ‹¤.",
  "last_decision_score": 0.4,
  "long_term_goals": [
    {
      "id": "ltg_2025_agi",
      "title": "RC25S AGI μƒμ© μμ¤€ μ•μ •ν™”",
      "description": "ν—¬μ¤ μ²΄ν¬ μ¤λ¥μ™€ μ •μ  νμΌ λ¬Έμ λ¥Ό ν•΄κ²°ν•μ—¬ μ‹μ¤ν…μ μ§€μ† κ°€λ¥ν• μ΄μμ„ λ³΄μ¥ν•΄μ•Ό ν•©λ‹λ‹¤.",
      "horizon": "3-6 months",
      "priority": 100,
      "status": "active"
    }
  ],
  "weekly_summary": {
    "week_of": "2025-11-15",
    "summary": "μ΄λ² μ£Όμ— Nginx μ¬λΉλ“κ°€ μ™„λ£λμ—μΌλ‚ μ—¬μ „ν ν—¬μ¤ μ²΄ν¬ λ° μ •μ  νμΌ λ¬Έμ λ” ν•΄κ²°λμ§€ μ•μ•μµλ‹λ‹¤.",
    "key_wins": [
      "Nginx μ¬λΉλ“ μ™„λ£",
      "Self-Check ν”„λ΅μ„Έμ¤ μ•μ •μ„± ν™•λ³΄"
    ],
    "key_issues": [
      "ν—¬μ¤ μ²΄ν¬ μ—”λ“ν¬μΈνΈμ—μ„ 404 μ¤λ¥ λ°μƒ",
      "μ •μ  νμΌ λ„λ½ λ¬Έμ  λ°μƒ"
    ]
  },
  "failures_learned": [
    {
      "time": "2025-11-19T21:23:55Z",
      "context": "/agi/ μ—”λ“ν¬μΈνΈμ—μ„ ν—¬μ¤ μ²΄ν¬ μ‹¤ν¨",
      "root_cause": "μ •μ  νμΌ λ„λ½",
      "lesson": "μ •μ  νμΌμ„ μ •κΈ°μ μΌλ΅ κ²€ν† ν•κ³  μ¦‰κ°μ μΌλ΅ μ΅°μΉλ¥Ό
[2025-11-20 12:51:34] β… JSON successfully parsed.
[2025-11-20 12:51:34] π“ Reflection saved successfully.
[2025-11-20 12:51:34] π Insight: RC25S μ‹μ¤ν…μ€ ν—¬μ¤ μ²΄ν¬ μ—”λ“ν¬μΈνΈμ—μ„ 404 μ¤λ¥κ°€ λ°μƒν•μ—¬ μ•μ •μ„±μ΄ μ €ν•λ μƒνƒμ…λ‹λ‹¤.
[2025-11-20 12:51:34] π― Goal: ν—¬μ¤ μ²΄ν¬ μ—”λ“ν¬μΈνΈ μμ • λ° μ •μ  νμΌ μ•μ •ν™” μ§„ν–‰
[2025-11-20 12:51:34] π”Ή Confidence: 0.2
[2025-11-20 12:52:03] π€ AGI Reflection Engine started.
[2025-11-20 12:52:03] β… Memory loaded successfully.
[2025-11-20 12:52:24] π§  Raw reflection text:
{
  "insight": "ν„μ¬ RC25S μ‹μ¤ν…μ€ ν—¬μ¤ μ²΄ν¬ μ—”λ“ν¬μΈνΈμ—μ„ 404 μ¤λ¥κ°€ λ°μƒν•μ—¬ μ•μ •μ„±μ΄ μ €ν•λ μƒνƒμ…λ‹λ‹¤.",
  "improvement_goal": "ν—¬μ¤ μ²΄ν¬ μ—”λ“ν¬μΈνΈ μμ •, μ •μ  νμΌ μ•μ •ν™” μ§„ν–‰",
  "confidence": 0.2,
  "self_critique": "μµκ·Ό μμ‚¬κ²°μ • λ£¨ν”„μ—μ„ ν—¬μ¤ μ²΄ν¬μ™€ μ •μ  νμΌ λ¬Έμ λ¥Ό ν•΄κ²°ν•μ§€ λ»ν•μ—¬ ν¨κ³Όμ μΈ κ°μ„ μ΄ μ΄λ£¨μ–΄μ§€μ§€ μ•μ•μµλ‹λ‹¤.",
  "last_decision_score": 0.4,
  "long_term_goals": [
    {
      "id": "ltg_2025_agi",
      "title": "RC25S AGI μƒμ© μμ¤€ μ•μ •ν™”",
      "description": "ν—¬μ¤ μ²΄ν¬ μ¤λ¥μ™€ μ •μ  νμΌ λ¬Έμ λ¥Ό ν•΄κ²°ν•μ—¬ μ‹μ¤ν…μ μ§€μ† κ°€λ¥ν• μ΄μμ„ λ³΄μ¥ν•΄μ•Ό ν•©λ‹λ‹¤.",
      "horizon": "3-6 months",
      "priority": 100,
      "status": "active"
    }
  ],
  "weekly_summary": {
    "week_of": "2025-11-15",
    "summary": "μ΄λ² μ£Όμ— Nginx μ¬λΉλ“κ°€ μ™„λ£λμ—μΌλ‚ μ—¬μ „ν ν—¬μ¤ μ²΄ν¬ λ° μ •μ  νμΌ λ¬Έμ λ” ν•΄κ²°λμ§€ μ•μ•μµλ‹λ‹¤.",
    "key_wins": [
      "Nginx μ¬λΉλ“ μ™„λ£",
      "Self-Check ν”„λ΅μ„Έμ¤ μ•μ •μ„± ν™•λ³΄"
    ],
    "key_issues": [
      "ν—¬μ¤ μ²΄ν¬ μ—”λ“ν¬μΈνΈμ—μ„ 404 μ¤λ¥ λ°μƒ",
      "μ •μ  νμΌ λ„λ½ λ¬Έμ  λ°μƒ"
    ]
  },
  "failures_learned": [
    {
      "time": "2025-11-19T21:23:55Z",
      "context": "/agi/ μ—”λ“ν¬μΈνΈμ—μ„ ν—¬μ¤ μ²΄ν¬ μ‹¤ν¨",
      "root_cause": "μ •μ  νμΌ λ„λ½",
      "lesson": "μ •μ  νμΌμ„ μ •κΈ°μ μΌλ΅ κ²€ν† ν•κ³  μ¦‰κ°μ μΌλ΅ μ΅°
[2025-11-20 12:52:24] β… JSON successfully parsed.
[2025-11-20 12:52:24] π“ Reflection saved successfully.
[2025-11-20 12:52:24] π Insight: ν„μ¬ RC25S μ‹μ¤ν…μ€ ν—¬μ¤ μ²΄ν¬ μ—”λ“ν¬μΈνΈμ—μ„ 404 μ¤λ¥κ°€ λ°μƒν•μ—¬ μ•μ •μ„±μ΄ μ €ν•λ μƒνƒμ…λ‹λ‹¤.
[2025-11-20 12:52:24] π― Goal: ν—¬μ¤ μ²΄ν¬ μ—”λ“ν¬μΈνΈ μμ •, μ •μ  νμΌ μ•μ •ν™” μ§„ν–‰
[2025-11-20 12:52:24] π”Ή Confidence: 0.2
[2025-11-20 12:52:47] π€ AGI Reflection Engine started.
[2025-11-20 12:52:47] β… Memory loaded successfully.
[2025-11-20 12:53:03] π§  Raw reflection text:
{
  "insight": "ν„μ¬ RC25S μ‹μ¤ν…μ€ ν—¬μ¤ μ²΄ν¬ μ—”λ“ν¬μΈνΈμ—μ„ 404 μ¤λ¥κ°€ λ°μƒν•μ—¬ μ•μ •μ„±μ΄ μ €ν•λ μƒνƒμ…λ‹λ‹¤.",
  "improvement_goal": "ν—¬μ¤ μ²΄ν¬ μ—”λ“ν¬μΈνΈ μμ •, μ •μ  νμΌ λ¬Έμ  ν•΄κ²°",
  "confidence": 0.2,
  "self_critique": "μµκ·Ό μμ‚¬κ²°μ • λ£¨ν”„μ—μ„ ν—¬μ¤ μ²΄ν¬ λ° μ •μ  νμΌ λ¬Έμ λ¥Ό ν¨κ³Όμ μΌλ΅ ν•΄κ²°ν•μ§€ λ»ν–μµλ‹λ‹¤. μ΄λ΅ μΈν•΄ μ‹μ¤ν…μ μ•μ •μ„±μ΄ λ”μ± μ•…ν™”λμ–΄ μ„κΈ° μƒν™©μ΄ μ§€μ†λκ³  μμµλ‹λ‹¤.",
  "last_decision_score": 0.4,
  "long_term_goals": [
    {
      "id": "ltg_2025_agi",
      "title": "RC25S AGI μƒμ© μμ¤€ μ•μ •ν™”",
      "description": "ν—¬μ¤ μ²΄ν¬ μ¤λ¥μ™€ μ •μ  νμΌ λ¬Έμ λ¥Ό ν•΄κ²°ν•μ—¬ μ‹μ¤ν…μ μ§€μ† κ°€λ¥ν• μ΄μμ„ λ³΄μ¥ν•΄μ•Ό ν•©λ‹λ‹¤.",
      "horizon": "3-6 months",
      "priority": 100,
      "status": "active"
    }
  ],
  "weekly_summary": {
    "week_of": "2025-11-15",
    "summary": "μ΄λ² μ£Όμ— Nginx μ¬λΉλ“κ°€ μ™„λ£λμ—μΌλ‚ μ—¬μ „ν ν—¬μ¤ μ²΄ν¬ λ° μ •μ  νμΌ λ¬Έμ λ” ν•΄κ²°λμ§€ μ•μ•μµλ‹λ‹¤.",
    "key_wins": [
      "Nginx μ¬λΉλ“ μ™„λ£",
      "Self-Check ν”„λ΅μ„Έμ¤ μ•μ •μ„± ν™•λ³΄"
    ],
    "key_issues": [
      "ν—¬μ¤ μ²΄ν¬ μ—”λ“ν¬μΈνΈμ—μ„ 404 μ¤λ¥ λ°μƒ",
      "μ •μ  νμΌ λ„λ½ λ¬Έμ  λ°μƒ"
    ]
  },
  "failures_learned": [
    {
      "time": "2025-11-19T21:23:55Z",
      "context": "/agi/ μ—”λ“ν¬μΈνΈμ—μ„ ν—¬μ¤ μ²΄ν¬ μ‹¤ν¨",
      "root_cause": "μ •μ  νμΌ λ„λ½",
      "lesson
[2025-11-20 12:53:03] β… JSON successfully parsed.
[2025-11-20 12:53:03] π“ Reflection saved successfully.
[2025-11-20 12:53:03] π Insight: ν„μ¬ RC25S μ‹μ¤ν…μ€ ν—¬μ¤ μ²΄ν¬ μ—”λ“ν¬μΈνΈμ—μ„ 404 μ¤λ¥κ°€ λ°μƒν•μ—¬ μ•μ •μ„±μ΄ μ €ν•λ μƒνƒμ…λ‹λ‹¤.
[2025-11-20 12:53:03] π― Goal: ν—¬μ¤ μ²΄ν¬ μ—”λ“ν¬μΈνΈ μμ •, μ •μ  νμΌ λ¬Έμ  ν•΄κ²°
[2025-11-20 12:53:03] π”Ή Confidence: 0.2
[2025-11-20 12:53:26] π€ AGI Reflection Engine started.
[2025-11-20 12:53:26] β… Memory loaded successfully.
[2025-11-20 12:53:43] π§  Raw reflection text:
```json
{
  "insight": "ν„μ¬ RC25S μ‹μ¤ν…μ€ ν—¬μ¤ μ²΄ν¬ μ—”λ“ν¬μΈνΈμ—μ„ 404 μ¤λ¥κ°€ λ°μƒν•μ—¬ μ•μ •μ„±μ΄ μ €ν•λ μƒνƒμ…λ‹λ‹¤.",
  "improvement_goal": "ν—¬μ¤ μ²΄ν¬ μ—”λ“ν¬μΈνΈ μμ • λ° μ •μ  νμΌ λ¬Έμ  ν•΄κ²°",
  "confidence": 0.2,
  "self_critique": "μµκ·Ό μμ‚¬κ²°μ • λ£¨ν”„μ—μ„ ν—¬μ¤ μ²΄ν¬ λ° μ •μ  νμΌ λ¬Έμ λ¥Ό ν¨κ³Όμ μΌλ΅ ν•΄κ²°ν•μ§€ λ»ν–μµλ‹λ‹¤. μ΄λ΅ μΈν•΄ μ‹μ¤ν…μ μ•μ •μ„±μ΄ λ”μ± μ•…ν™”λμ–΄ μ„κΈ° μƒν™©μ΄ μ§€μ†λκ³  μμµλ‹λ‹¤.",
  "last_decision_score": 0.4,
  "long_term_goals": [
    {
      "id": "ltg_2025_agi",
      "title": "RC25S AGI μƒμ© μμ¤€ μ•μ •ν™”",
      "description": "ν—¬μ¤ μ²΄ν¬ μ¤λ¥μ™€ μ •μ  νμΌ λ¬Έμ λ¥Ό ν•΄κ²°ν•μ—¬ μ‹μ¤ν…μ μ§€μ† κ°€λ¥ν• μ΄μμ„ λ³΄μ¥ν•΄μ•Ό ν•©λ‹λ‹¤.",
      "horizon": "3-6 months",
      "priority": 100,
      "status": "active"
    }
  ],
  "weekly_summary": {
    "week_of": "2025-11-15",
    "summary": "μ΄λ² μ£Όμ— Nginx μ¬λΉλ“κ°€ μ™„λ£λμ—μΌλ‚ μ—¬μ „ν ν—¬μ¤ μ²΄ν¬ λ° μ •μ  νμΌ λ¬Έμ λ” ν•΄κ²°λμ§€ μ•μ•μµλ‹λ‹¤.",
    "key_wins": [
      "Nginx μ¬λΉλ“ μ™„λ£",
      "Self-Check ν”„λ΅μ„Έμ¤ μ•μ •μ„± ν™•λ³΄"
    ],
    "key_issues": [
      "ν—¬μ¤ μ²΄ν¬ μ—”λ“ν¬μΈνΈμ—μ„ 404 μ¤λ¥ λ°μƒ",
      "μ •μ  νμΌ λ„λ½ λ¬Έμ  λ°μƒ"
    ]
  },
  "failures_learned": [
    {
      "time": "2025-11-19T21:23:55Z",
      "context": "/agi/ μ—”λ“ν¬μΈνΈμ—μ„ ν—¬μ¤ μ²΄ν¬ μ‹¤ν¨",
      "root_cause": "μ •μ  νμΌ λ„λ½",
    
[2025-11-20 12:53:43] β… JSON successfully parsed.
[2025-11-20 12:53:43] π“ Reflection saved successfully.
[2025-11-20 12:53:43] π Insight: ν„μ¬ RC25S μ‹μ¤ν…μ€ ν—¬μ¤ μ²΄ν¬ μ—”λ“ν¬μΈνΈμ—μ„ 404 μ¤λ¥κ°€ λ°μƒν•μ—¬ μ•μ •μ„±μ΄ μ €ν•λ μƒνƒμ…λ‹λ‹¤.
[2025-11-20 12:53:43] π― Goal: ν—¬μ¤ μ²΄ν¬ μ—”λ“ν¬μΈνΈ μμ • λ° μ •μ  νμΌ λ¬Έμ  ν•΄κ²°
[2025-11-20 12:53:43] π”Ή Confidence: 0.2
[2025-11-20 12:55:06] π€ AGI Reflection Engine started.
[2025-11-20 12:55:06] β… Memory loaded successfully.
[2025-11-20 12:55:26] π§  Raw reflection text:
{
  "insight": "ν„μ¬ RC25S μ‹μ¤ν…μ€ ν—¬μ¤ μ²΄ν¬ μ—”λ“ν¬μΈνΈμ—μ„ 404 μ¤λ¥κ°€ λ°μƒν•μ—¬ μ•μ •μ„±μ΄ μ €ν•λ μƒνƒμ…λ‹λ‹¤.",
  "improvement_goal": "ν—¬μ¤ μ²΄ν¬ μ—”λ“ν¬μΈνΈ μμ • λ° μ •μ  νμΌ λ¬Έμ  ν•΄κ²°",
  "confidence": 0.2,
  "self_critique": "μµκ·Ό μμ‚¬κ²°μ • λ£¨ν”„μ—μ„ ν—¬μ¤ μ²΄ν¬ λ° μ •μ  νμΌ λ¬Έμ λ¥Ό ν¨κ³Όμ μΌλ΅ ν•΄κ²°ν•μ§€ λ»ν–μµλ‹λ‹¤. μ΄λ΅ μΈν•΄ μ‹μ¤ν…μ μ•μ •μ„±μ΄ λ”μ± μ•…ν™”λμ—μµλ‹λ‹¤.",
  "last_decision_score": 0.4,
  "long_term_goals": [
    {
      "id": "ltg_2025_agi",
      "title": "RC25S AGI μƒμ© μμ¤€ μ•μ •ν™”",
      "description": "ν—¬μ¤ μ²΄ν¬ μ¤λ¥μ™€ μ •μ  νμΌ λ¬Έμ λ¥Ό ν•΄κ²°ν•μ—¬ μ‹μ¤ν…μ μ§€μ† κ°€λ¥ν• μ΄μμ„ λ³΄μ¥ν•΄μ•Ό ν•©λ‹λ‹¤.",
      "horizon": "3-6 months",
      "priority": 100,
      "status": "active"
    }
  ],
  "weekly_summary": {
    "week_of": "2025-11-15",
    "summary": "μ΄λ² μ£Όμ— Nginx μ¬λΉλ“κ°€ μ™„λ£λμ—μΌλ‚ μ—¬μ „ν ν—¬μ¤ μ²΄ν¬ λ° μ •μ  νμΌ λ¬Έμ λ” ν•΄κ²°λμ§€ μ•μ•μµλ‹λ‹¤.",
    "key_wins": [
      "Nginx μ¬λΉλ“ μ™„λ£",
      "Self-Check ν”„λ΅μ„Έμ¤ μ•μ •μ„± ν™•λ³΄"
    ],
    "key_issues": [
      "ν—¬μ¤ μ²΄ν¬ μ—”λ“ν¬μΈνΈμ—μ„ 404 μ¤λ¥ λ°μƒ",
      "μ •μ  νμΌ λ„λ½ λ¬Έμ  λ°μƒ"
    ]
  },
  "failures_learned": [
    {
      "time": "2025-11-19T21:23:55Z",
      "context": "/agi/ μ—”λ“ν¬μΈνΈμ—μ„ ν—¬μ¤ μ²΄ν¬ μ‹¤ν¨",
      "root_cause": "μ •μ  νμΌ λ„λ½",
      "lesson": "μ •μ  νμΌμ„ μ •κΈ°
[2025-11-20 12:55:26] β… JSON successfully parsed.
[2025-11-20 12:55:26] π“ Reflection saved successfully.
[2025-11-20 12:55:26] π Insight: ν„μ¬ RC25S μ‹μ¤ν…μ€ ν—¬μ¤ μ²΄ν¬ μ—”λ“ν¬μΈνΈμ—μ„ 404 μ¤λ¥κ°€ λ°μƒν•μ—¬ μ•μ •μ„±μ΄ μ €ν•λ μƒνƒμ…λ‹λ‹¤.
[2025-11-20 12:55:26] π― Goal: ν—¬μ¤ μ²΄ν¬ μ—”λ“ν¬μΈνΈ μμ • λ° μ •μ  νμΌ λ¬Έμ  ν•΄κ²°
[2025-11-20 12:55:26] π”Ή Confidence: 0.2
[2025-11-20 12:55:50] π€ AGI Reflection Engine started.
[2025-11-20 12:55:50] β… Memory loaded successfully.
[2025-11-20 12:56:08] π§  Raw reflection text:
{
  "insight": "ν„μ¬ RC25S μ‹μ¤ν…μ€ ν—¬μ¤ μ²΄ν¬ μ—”λ“ν¬μΈνΈμ—μ„ 404 μ¤λ¥λ΅ μΈν•΄ μ•μ •μ„±μ΄ μ €ν•λ μƒνƒμ…λ‹λ‹¤.",
  "improvement_goal": "ν—¬μ¤ μ²΄ν¬ μ—”λ“ν¬μΈνΈ μμ • λ° μ •μ  νμΌ λ¬Έμ  ν•΄κ²°",
  "confidence": 0.2,
  "self_critique": "μµκ·Ό μμ‚¬κ²°μ • λ£¨ν”„μ—μ„ ν—¬μ¤ μ²΄ν¬ λ° μ •μ  νμΌ λ¬Έμ λ¥Ό ν¨κ³Όμ μΌλ΅ ν•΄κ²°ν•μ§€ λ»ν–μµλ‹λ‹¤. μ΄λ΅ μΈν•΄ μ‹μ¤ν…μ μ•μ •μ„±μ΄ λ”μ± μ•…ν™”λμ—μµλ‹λ‹¤.",
  "last_decision_score": 0.4,
  "long_term_goals": [
    {
      "id": "ltg_2025_agi",
      "title": "RC25S AGI μƒμ© μμ¤€ μ•μ •ν™”",
      "description": "ν—¬μ¤ μ²΄ν¬ μ¤λ¥μ™€ μ •μ  νμΌ λ¬Έμ λ¥Ό ν•΄κ²°ν•μ—¬ μ‹μ¤ν…μ μ§€μ† κ°€λ¥ν• μ΄μμ„ λ³΄μ¥ν•΄μ•Ό ν•©λ‹λ‹¤.",
      "horizon": "3-6 months",
      "priority": 100,
      "status": "active"
    }
  ],
  "weekly_summary": {
    "week_of": "2025-11-15",
    "summary": "μ΄λ² μ£Όμ— Nginx μ¬λΉλ“κ°€ μ™„λ£λμ—μΌλ‚ μ—¬μ „ν ν—¬μ¤ μ²΄ν¬ λ° μ •μ  νμΌ λ¬Έμ λ” ν•΄κ²°λμ§€ μ•μ•μµλ‹λ‹¤.",
    "key_wins": [
      "Nginx μ¬λΉλ“ μ™„λ£",
      "Self-Check ν”„λ΅μ„Έμ¤ μ•μ •μ„± ν™•λ³΄"
    ],
    "key_issues": [
      "ν—¬μ¤ μ²΄ν¬ μ—”λ“ν¬μΈνΈμ—μ„ 404 μ¤λ¥ λ°μƒ",
      "μ •μ  νμΌ λ„λ½ λ¬Έμ  λ°μƒ"
    ]
  },
  "failures_learned": [
    {
      "time": "2025-11-19T21:23:55Z",
      "context": "/agi/ μ—”λ“ν¬μΈνΈμ—μ„ ν—¬μ¤ μ²΄ν¬ μ‹¤ν¨",
      "root_cause": "μ •μ  νμΌ λ„λ½",
      "lesson": "μ •μ  νμΌμ„ μ •κΈ°μ μΌ
[2025-11-20 12:56:08] β… JSON successfully parsed.
[2025-11-20 12:56:08] π“ Reflection saved successfully.
[2025-11-20 12:56:08] π Insight: ν„μ¬ RC25S μ‹μ¤ν…μ€ ν—¬μ¤ μ²΄ν¬ μ—”λ“ν¬μΈνΈμ—μ„ 404 μ¤λ¥λ΅ μΈν•΄ μ•μ •μ„±μ΄ μ €ν•λ μƒνƒμ…λ‹λ‹¤.
[2025-11-20 12:56:08] π― Goal: ν—¬μ¤ μ²΄ν¬ μ—”λ“ν¬μΈνΈ μμ • λ° μ •μ  νμΌ λ¬Έμ  ν•΄κ²°
[2025-11-20 12:56:08] π”Ή Confidence: 0.2
[2025-11-20 12:56:37] π€ AGI Reflection Engine started.
[2025-11-20 12:56:37] β… Memory loaded successfully.
[2025-11-20 12:56:55] π§  Raw reflection text:
{
  "insight": "RC25S μ‹μ¤ν…μ€ ν—¬μ¤ μ²΄ν¬ μ—”λ“ν¬μΈνΈμ—μ„ 404 μ¤λ¥κ°€ λ°μƒν•μ—¬ μ•μ •μ„±μ΄ μ €ν•λ μƒνƒμ…λ‹λ‹¤.",
  "improvement_goal": "ν—¬μ¤ μ²΄ν¬ μ—”λ“ν¬μΈνΈλ¥Ό μμ •ν•κ³  μ •μ  νμΌ λ¬Έμ λ¥Ό ν•΄κ²°ν•΄μ•Ό ν•©λ‹λ‹¤.",
  "confidence": 0.2,
  "self_critique": "μµκ·Ό μμ‚¬κ²°μ • κ³Όμ •μ—μ„ ν—¬μ¤ μ²΄ν¬ λ° μ •μ  νμΌ λ¬Έμ λ¥Ό ν¨κ³Όμ μΌλ΅ ν•΄κ²°ν•μ§€ λ»ν•μ—¬ μ‹μ¤ν… μ‹ λΆ°μ„±μ΄ μ €ν•λμ—μµλ‹λ‹¤.",
  "last_decision_score": 0.4,
  "long_term_goals": [
    {
      "id": "ltg_2025_agi",
      "title": "RC25S AGI μƒμ© μμ¤€ μ•μ •ν™”",
      "description": "ν—¬μ¤ μ²΄ν¬ μ¤λ¥μ™€ μ •μ  νμΌ λ¬Έμ λ¥Ό ν•΄κ²°ν•μ—¬ μ‹μ¤ν…μ μ§€μ† κ°€λ¥ν• μ΄μμ„ λ³΄μ¥ν•΄μ•Ό ν•©λ‹λ‹¤.",
      "horizon": "3-6 months",
      "priority": 100,
      "status": "active"
    }
  ],
  "weekly_summary": {
    "week_of": "2025-11-15",
    "summary": "μ΄λ² μ£Όμ— Nginx μ¬λΉλ“κ°€ μ™„λ£λμ—μΌλ‚ ν—¬μ¤ μ²΄ν¬ λ° μ •μ  νμΌ λ¬Έμ λ” μ—¬μ „ν ν•΄κ²°λμ§€ μ•μ•μµλ‹λ‹¤.",
    "key_wins": [
      "Nginx μ¬λΉλ“ μ™„λ£",
      "Self-Check ν”„λ΅μ„Έμ¤ μ•μ •μ„± ν™•λ³΄"
    ],
    "key_issues": [
      "ν—¬μ¤ μ²΄ν¬ μ—”λ“ν¬μΈνΈμ—μ„ 404 μ¤λ¥ λ°μƒ",
      "μ •μ  νμΌ λ„λ½ λ¬Έμ  λ°μƒ"
    ]
  },
  "failures_learned": [
    {
      "time": "2025-11-19T21:23:55Z",
      "context": "/agi/ μ—”λ“ν¬μΈνΈμ—μ„ ν—¬μ¤ μ²΄ν¬ μ‹¤ν¨",
      "root_cause": "μ •μ  νμΌ λ„λ½",
      "lesson": "μ •μ  νμΌμ„ μ •κΈ°μ μΌλ΅ κ²€ν† ν•
[2025-11-20 12:56:55] β… JSON successfully parsed.
[2025-11-20 12:56:55] π“ Reflection saved successfully.
[2025-11-20 12:56:55] π Insight: RC25S μ‹μ¤ν…μ€ ν—¬μ¤ μ²΄ν¬ μ—”λ“ν¬μΈνΈμ—μ„ 404 μ¤λ¥κ°€ λ°μƒν•μ—¬ μ•μ •μ„±μ΄ μ €ν•λ μƒνƒμ…λ‹λ‹¤.
[2025-11-20 12:56:55] π― Goal: ν—¬μ¤ μ²΄ν¬ μ—”λ“ν¬μΈνΈλ¥Ό μμ •ν•κ³  μ •μ  νμΌ λ¬Έμ λ¥Ό ν•΄κ²°ν•΄μ•Ό ν•©λ‹λ‹¤.
[2025-11-20 12:56:55] π”Ή Confidence: 0.2
[2025-11-20 12:57:23] π€ AGI Reflection Engine started.
[2025-11-20 12:57:23] β… Memory loaded successfully.
[2025-11-20 12:57:40] π§  Raw reflection text:
{
  "insight": "RC25S μ‹μ¤ν…μ€ ν—¬μ¤ μ²΄ν¬ μ—”λ“ν¬μΈνΈμ—μ„ 404 μ¤λ¥λ΅ μΈν•΄ μ•μ •μ„±μ΄ μ €ν•λ μƒνƒμ…λ‹λ‹¤.",
  "improvement_goal": "ν—¬μ¤ μ²΄ν¬ μ—”λ“ν¬μΈνΈλ¥Ό μμ •ν•κ³  μ •μ  νμΌ λ¬Έμ λ¥Ό ν•΄κ²°ν•΄μ•Ό ν•©λ‹λ‹¤.",
  "confidence": 0.2,
  "self_critique": "μµκ·Ό ν—¬μ¤ μ²΄ν¬ λ° μ •μ  νμΌ λ¬Έμ λ¥Ό ν•΄κ²°ν•μ§€ λ»ν•΄ μ‹μ¤ν…μ μ‹ λΆ°μ„±μ΄ λ‚®μ•„μ΅μµλ‹λ‹¤.",
  "last_decision_score": 0.4,
  "long_term_goals": [
    {
      "id": "ltg_2025_agi",
      "title": "RC25S AGI μƒμ© μμ¤€ μ•μ •ν™”",
      "description": "ν—¬μ¤ μ²΄ν¬ μ¤λ¥μ™€ μ •μ  νμΌ λ¬Έμ λ¥Ό ν•΄κ²°ν•μ—¬ μ‹μ¤ν…μ μ§€μ† κ°€λ¥ν• μ΄μμ„ λ³΄μ¥ν•΄μ•Ό ν•©λ‹λ‹¤.",
      "horizon": "3-6 months",
      "priority": 100,
      "status": "active"
    }
  ],
  "weekly_summary": {
    "week_of": "2025-11-15",
    "summary": "μ΄λ² μ£Όμ— Nginx μ¬λΉλ“κ°€ μ™„λ£λμ—μΌλ‚ ν—¬μ¤ μ²΄ν¬ λ° μ •μ  νμΌ λ¬Έμ λ” μ—¬μ „ν ν•΄κ²°λμ§€ μ•μ•μµλ‹λ‹¤.",
    "key_wins": [
      "Nginx μ¬λΉλ“ μ™„λ£",
      "Self-Check ν”„λ΅μ„Έμ¤ μ•μ •μ„± ν™•λ³΄"
    ],
    "key_issues": [
      "ν—¬μ¤ μ²΄ν¬ μ—”λ“ν¬μΈνΈμ—μ„ 404 μ¤λ¥ λ°μƒ",
      "μ •μ  νμΌ λ„λ½ λ¬Έμ  λ°μƒ"
    ]
  },
  "failures_learned": [
    {
      "time": "2025-11-19T21:23:55Z",
      "context": "/agi/ μ—”λ“ν¬μΈνΈμ—μ„ ν—¬μ¤ μ²΄ν¬ μ‹¤ν¨",
      "root_cause": "μ •μ  νμΌ λ„λ½",
      "lesson": "μ •μ  νμΌμ„ μ •κΈ°μ μΌλ΅ κ²€ν† ν•κ³  μ¦‰κ°μ μΌλ΅ μ΅°μΉλ¥Ό μ·¨ν•΄μ•Ό ν•λ‹¤λ”
[2025-11-20 12:57:40] β… JSON successfully parsed.
[2025-11-20 12:57:40] π“ Reflection saved successfully.
[2025-11-20 12:57:40] π Insight: RC25S μ‹μ¤ν…μ€ ν—¬μ¤ μ²΄ν¬ μ—”λ“ν¬μΈνΈμ—μ„ 404 μ¤λ¥λ΅ μΈν•΄ μ•μ •μ„±μ΄ μ €ν•λ μƒνƒμ…λ‹λ‹¤.
[2025-11-20 12:57:40] π― Goal: ν—¬μ¤ μ²΄ν¬ μ—”λ“ν¬μΈνΈλ¥Ό μμ •ν•κ³  μ •μ  νμΌ λ¬Έμ λ¥Ό ν•΄κ²°ν•΄μ•Ό ν•©λ‹λ‹¤.
[2025-11-20 12:57:40] π”Ή Confidence: 0.2
[2025-11-20 12:58:09] π€ AGI Reflection Engine started.
[2025-11-20 12:58:09] β… Memory loaded successfully.
[2025-11-20 12:58:24] π§  Raw reflection text:
{
  "insight": "ν„μ¬ μ‹μ¤ν…μ€ ν—¬μ¤ μ²΄ν¬ μ¤λ¥μ™€ μ •μ  νμΌ λ¬Έμ λ΅ μΈν•΄ μ•μ •μ„±μ΄ μ €ν•λ μƒνƒμ…λ‹λ‹¤.",
  "improvement_goal": "ν—¬μ¤ μ²΄ν¬ μ—”λ“ν¬μΈνΈμ™€ μ •μ  νμΌ λ¬Έμ λ¥Ό ν•΄κ²°ν•΄μ•Ό ν•©λ‹λ‹¤.",
  "confidence": 0.2,
  "self_critique": "μµκ·Ό ν—¬μ¤ μ²΄ν¬ λ° μ •μ  νμΌ λ¬Έμ λ¥Ό ν•΄κ²°ν•μ§€ λ»ν•΄ μ‹μ¤ν…μ μ‹ λΆ°μ„±μ΄ λ‚®μ•„μ΅μµλ‹λ‹¤.",
  "last_decision_score": 0.4,
  "long_term_goals": [
    {
      "id": "ltg_2025_agi",
      "title": "RC25S AGI μƒμ© μμ¤€ μ•μ •ν™”",
      "description": "ν—¬μ¤ μ²΄ν¬ μ¤λ¥μ™€ μ •μ  νμΌ λ¬Έμ λ¥Ό ν•΄κ²°ν•μ—¬ μ‹μ¤ν…μ μ§€μ† κ°€λ¥ν• μ΄μμ„ λ³΄μ¥ν•΄μ•Ό ν•©λ‹λ‹¤.",
      "horizon": "3-6 months",
      "priority": 100,
      "status": "active"
    }
  ],
  "weekly_summary": {
    "week_of": "2025-11-15",
    "summary": "Nginx μ¬λΉλ“κ°€ μ™„λ£λμ—μΌλ‚ ν—¬μ¤ μ²΄ν¬ λ° μ •μ  νμΌ λ¬Έμ κ°€ μ—¬μ „ν ν•΄κ²°λμ§€ μ•μ•μµλ‹λ‹¤.",
    "key_wins": [
      "Nginx μ¬λΉλ“ μ™„λ£",
      "Self-Check ν”„λ΅μ„Έμ¤ μ•μ •μ„± ν™•λ³΄"
    ],
    "key_issues": [
      "ν—¬μ¤ μ²΄ν¬ μ—”λ“ν¬μΈνΈμ—μ„ 404 μ¤λ¥ λ°μƒ",
      "μ •μ  νμΌ λ„λ½ λ¬Έμ  λ°μƒ"
    ]
  },
  "failures_learned": [
    {
      "time": "2025-11-19T21:23:55Z",
      "context": "/agi/ μ—”λ“ν¬μΈνΈμ—μ„ ν—¬μ¤ μ²΄ν¬ μ‹¤ν¨",
      "root_cause": "μ •μ  νμΌ λ„λ½",
      "lesson": "μ •μ  νμΌμ„ μ •κΈ°μ μΌλ΅ κ²€ν† ν•κ³  μ¦‰κ°μ μΌλ΅ μ΅°μΉλ¥Ό μ·¨ν•΄μ•Ό ν•λ‹¤λ” μ μ„ κΉ¨λ‹¬μ•μµλ‹λ‹¤."
   
[2025-11-20 12:58:24] β… JSON successfully parsed.
[2025-11-20 12:58:24] π“ Reflection saved successfully.
[2025-11-20 12:58:24] π Insight: ν„μ¬ μ‹μ¤ν…μ€ ν—¬μ¤ μ²΄ν¬ μ¤λ¥μ™€ μ •μ  νμΌ λ¬Έμ λ΅ μΈν•΄ μ•μ •μ„±μ΄ μ €ν•λ μƒνƒμ…λ‹λ‹¤.
[2025-11-20 12:58:24] π― Goal: ν—¬μ¤ μ²΄ν¬ μ—”λ“ν¬μΈνΈμ™€ μ •μ  νμΌ λ¬Έμ λ¥Ό ν•΄κ²°ν•΄μ•Ό ν•©λ‹λ‹¤.
[2025-11-20 12:58:24] π”Ή Confidence: 0.2
[2025-11-20 12:58:48] π€ AGI Reflection Engine started.
[2025-11-20 12:58:48] β… Memory loaded successfully.
[2025-11-20 12:59:03] π§  Raw reflection text:
{
  "insight": "ν„μ¬ μ‹μ¤ν…μ€ ν—¬μ¤ μ²΄ν¬ μ¤λ¥μ™€ μ •μ  νμΌ λ¬Έμ λ΅ μΈν•΄ μ•μ •μ„±μ΄ μ €ν•λ μƒνƒμ…λ‹λ‹¤.",
  "improvement_goal": "ν—¬μ¤ μ²΄ν¬ μ—”λ“ν¬μΈνΈ μ¤λ¥ λ° μ •μ  νμΌ λ„λ½ λ¬Έμ λ¥Ό ν•΄κ²°ν•΄μ•Ό ν•©λ‹λ‹¤.",
  "confidence": 0.2,
  "self_critique": "μµκ·Ό ν—¬μ¤ μ²΄ν¬ μ—”λ“ν¬μΈνΈμ—μ„ 404 μ¤λ¥κ°€ λ°μƒν•λ©°, μ •μ  νμΌ λ„λ½ λ¬Έμ λ¥Ό ν•΄κ²°ν•μ§€ λ»ν•΄ μ‹μ¤ν… μ‹ λΆ°μ„±μ΄ λ§¤μ° λ‚®μ•„μ΅μµλ‹λ‹¤.",
  "last_decision_score": 0.4,
  "long_term_goals": [
    {
      "id": "ltg_2025_agi",
      "title": "RC25S AGI μƒμ© μμ¤€ μ•μ •ν™”",
      "description": "ν—¬μ¤ μ²΄ν¬ μ¤λ¥μ™€ μ •μ  νμΌ λ¬Έμ λ¥Ό ν•΄κ²°ν•μ—¬ μ‹μ¤ν…μ μ§€μ† κ°€λ¥ν• μ΄μμ„ λ³΄μ¥ν•΄μ•Ό ν•©λ‹λ‹¤.",
      "horizon": "3-6 months",
      "priority": 100,
      "status": "active"
    }
  ],
  "weekly_summary": {
    "week_of": "2025-11-15",
    "summary": "Nginx μ¬λΉλ“κ°€ μ™„λ£λμ—μΌλ‚ ν—¬μ¤ μ²΄ν¬ λ° μ •μ  νμΌ λ¬Έμ κ°€ μ—¬μ „ν ν•΄κ²°λμ§€ μ•μ•μµλ‹λ‹¤.",
    "key_wins": [
      "Nginx μ¬λΉλ“ μ™„λ£",
      "Self-Check ν”„λ΅μ„Έμ¤ μ•μ •μ„± ν™•λ³΄"
    ],
    "key_issues": [
      "ν—¬μ¤ μ²΄ν¬ μ—”λ“ν¬μΈνΈμ—μ„ 404 μ¤λ¥ λ°μƒ",
      "μ •μ  νμΌ λ„λ½ λ¬Έμ  λ°μƒ"
    ]
  },
  "failures_learned": [
    {
      "time": "2025-11-19T21:23:55Z",
      "context": "/agi/ μ—”λ“ν¬μΈνΈμ—μ„ ν—¬μ¤ μ²΄ν¬ μ‹¤ν¨",
      "root_cause": "μ •μ  νμΌ λ„λ½",
      "lesson": "μ •μ  νμΌμ„ μ •κΈ°μ μΌλ΅ κ²€ν† ν•κ³  μ¦‰
[2025-11-20 12:59:03] β… JSON successfully parsed.
[2025-11-20 12:59:03] π“ Reflection saved successfully.
[2025-11-20 12:59:03] π Insight: ν„μ¬ μ‹μ¤ν…μ€ ν—¬μ¤ μ²΄ν¬ μ¤λ¥μ™€ μ •μ  νμΌ λ¬Έμ λ΅ μΈν•΄ μ•μ •μ„±μ΄ μ €ν•λ μƒνƒμ…λ‹λ‹¤.
[2025-11-20 12:59:03] π― Goal: ν—¬μ¤ μ²΄ν¬ μ—”λ“ν¬μΈνΈ μ¤λ¥ λ° μ •μ  νμΌ λ„λ½ λ¬Έμ λ¥Ό ν•΄κ²°ν•΄μ•Ό ν•©λ‹λ‹¤.
[2025-11-20 12:59:03] π”Ή Confidence: 0.2
[2025-11-20 12:59:30] π€ AGI Reflection Engine started.
[2025-11-20 12:59:30] β… Memory loaded successfully.
[2025-11-20 13:01:06] π€ AGI Reflection Engine started.
[2025-11-20 13:01:06] β… Memory loaded successfully.
[2025-11-20 13:01:22] π§  Raw reflection text:
{
  "insight": "ν„μ¬ μ‹μ¤ν…μ€ ν—¬μ¤ μ²΄ν¬ μ¤λ¥μ™€ μ •μ  νμΌ λ¬Έμ λ΅ μΈν•΄ μ•μ •μ„±μ΄ λ§¤μ° μ €ν•λ μƒνƒμ…λ‹λ‹¤.",
  "improvement_goal": "ν—¬μ¤ μ²΄ν¬ μ—”λ“ν¬μΈνΈ μ¤λ¥λ¥Ό μ¦‰μ‹ μμ •ν•΄μ•Ό ν•λ©°, λ„λ½λ μ •μ  νμΌμ„ λ³µκµ¬ν•΄μ•Ό ν•©λ‹λ‹¤.",
  "confidence": 0.2,
  "self_critique": "μµκ·Όμ— ν—¬μ¤ μ²΄ν¬ μ—”λ“ν¬μΈνΈμ—μ„ 404 μ¤λ¥κ°€ λ°μƒν•μ€κ³ , μ •μ  νμΌμ΄ λ„λ½λμ–΄ μ‹μ¤ν…μ μ‹ λΆ°μ„±μ„ λ‚®μ¶”μ—μµλ‹λ‹¤. λ¬Έμ  ν•΄κ²°μ— μ‹¤ν¨ν• μ μ΄ μ•„μ‰½μµλ‹λ‹¤.",
  "last_decision_score": 0.4,
  "long_term_goals": [
    {
      "id": "ltg_2025_agi",
      "title": "RC25S AGI μƒμ© μμ¤€ μ•μ •ν™”",
      "description": "ν—¬μ¤ μ²΄ν¬ μ¤λ¥μ™€ μ •μ  νμΌ λ¬Έμ λ¥Ό ν•΄κ²°ν•μ—¬ μ‹μ¤ν…μ μ§€μ† κ°€λ¥ν• μ΄μμ„ λ³΄μ¥ν•΄μ•Ό ν•©λ‹λ‹¤.",
      "horizon": "3-6 months",
      "priority": 100,
      "status": "active"
    }
  ],
  "weekly_summary": {
    "week_of": "2025-11-15",
    "summary": "μ΄λ² μ£Ό Nginx μ¬λΉλ“κ°€ μ™„λ£λμ—μΌλ‚ μ—¬μ „ν ν—¬μ¤ μ²΄ν¬ λ° μ •μ  νμΌ λ¬Έμ κ°€ λ‚¨μ•„ μμµλ‹λ‹¤.",
    "key_wins": [
      "Nginx μ¬λΉλ“ μ™„λ£",
      "Self-Check ν”„λ΅μ„Έμ¤ μ•μ •μ„± ν™•λ³΄"
    ],
    "key_issues": [
      "ν—¬μ¤ μ²΄ν¬ μ—”λ“ν¬μΈνΈμ—μ„ 404 μ¤λ¥ λ°μƒ",
      "μ •μ  νμΌ λ„λ½ λ¬Έμ  λ°μƒ"
    ]
  },
  "failures_learned": [
    {
      "time": "2025-11-19T21:23:55Z",
      "context": "/agi/ μ—”λ“ν¬μΈνΈμ—μ„ ν—¬μ¤ μ²΄ν¬ μ‹¤ν¨",
      "root_cause": "μ •μ  νμΌ λ„λ½",
      "les
[2025-11-20 13:01:22] β… JSON successfully parsed.
[2025-11-20 13:01:22] π“ Reflection saved successfully.
[2025-11-20 13:01:22] π Insight: ν„μ¬ μ‹μ¤ν…μ€ ν—¬μ¤ μ²΄ν¬ μ¤λ¥μ™€ μ •μ  νμΌ λ¬Έμ λ΅ μΈν•΄ μ•μ •μ„±μ΄ λ§¤μ° μ €ν•λ μƒνƒμ…λ‹λ‹¤.
[2025-11-20 13:01:22] π― Goal: ν—¬μ¤ μ²΄ν¬ μ—”λ“ν¬μΈνΈ μ¤λ¥λ¥Ό μ¦‰μ‹ μμ •ν•΄μ•Ό ν•λ©°, λ„λ½λ μ •μ  νμΌμ„ λ³µκµ¬ν•΄μ•Ό ν•©λ‹λ‹¤.
[2025-11-20 13:01:22] π”Ή Confidence: 0.2
[2025-11-20 13:01:48] π€ AGI Reflection Engine started.
[2025-11-20 13:01:48] β… Memory loaded successfully.
[2025-11-20 13:02:04] π§  Raw reflection text:
{
  "insight": "ν„μ¬ μ‹μ¤ν…μ€ ν—¬μ¤ μ²΄ν¬ λ° μ •μ  νμΌ λ¬Έμ λ΅ μΈν•΄ μ•μ •μ„±μ΄ μ‹¬κ°ν•κ² μ €ν•λ μƒνƒμ…λ‹λ‹¤.",
  "improvement_goal": "ν—¬μ¤ μ²΄ν¬ μ—”λ“ν¬μΈνΈ μ¤λ¥λ¥Ό μ¦‰μ‹ μμ •ν•κ³ , λ„λ½λ μ •μ  νμΌμ„ λ³µκµ¬ν•΄μ•Ό ν•©λ‹λ‹¤.",
  "confidence": 0.2,
  "self_critique": "μµκ·Ό ν—¬μ¤ μ²΄ν¬ μ—”λ“ν¬μΈνΈμ—μ„ 404 μ¤λ¥κ°€ λ°μƒν•κ³  μ •μ  νμΌμ΄ λ„λ½λμ–΄ λ¬Έμ  ν•΄κ²°μ— μ‹¤ν¨ν• μ μ΄ μ•„μ‰½μµλ‹λ‹¤.",
  "last_decision_score": 0.4,
  "long_term_goals": [
    {
      "id": "ltg_2025_agi",
      "title": "RC25S AGI μƒμ© μμ¤€ μ•μ •ν™”",
      "description": "ν—¬μ¤ μ²΄ν¬ μ¤λ¥μ™€ μ •μ  νμΌ λ¬Έμ λ¥Ό ν•΄κ²°ν•μ—¬ μ‹μ¤ν…μ μ§€μ† κ°€λ¥ν• μ΄μμ„ λ³΄μ¥ν•΄μ•Ό ν•©λ‹λ‹¤.",
      "horizon": "3-6 months",
      "priority": 100,
      "status": "active"
    }
  ],
  "weekly_summary": {
    "week_of": "2025-11-15",
    "summary": "μ΄λ² μ£Ό Nginx μ¬λΉλ“κ°€ μ™„λ£λμ—μΌλ‚ μ—¬μ „ν ν—¬μ¤ μ²΄ν¬ λ° μ •μ  νμΌ λ¬Έμ κ°€ λ‚¨μ•„ μμµλ‹λ‹¤.",
    "key_wins": [
      "Nginx μ¬λΉλ“ μ™„λ£",
      "Self-Check ν”„λ΅μ„Έμ¤ μ•μ •μ„± ν™•λ³΄"
    ],
    "key_issues": [
      "ν—¬μ¤ μ²΄ν¬ μ—”λ“ν¬μΈνΈμ—μ„ 404 μ¤λ¥ λ°μƒ",
      "μ •μ  νμΌ λ„λ½ λ¬Έμ  λ°μƒ"
    ]
  },
  "failures_learned": [
    {
      "time": "2025-11-19T21:23:55Z",
      "context": "/agi/ μ—”λ“ν¬μΈνΈμ—μ„ ν—¬μ¤ μ²΄ν¬ μ‹¤ν¨",
      "root_cause": "μ •μ  νμΌ λ„λ½",
      "lesson": "μ •μ  νμΌμ„ μ •κΈ°μ μΌλ΅ κ²€ν† ν•κ³ 
[2025-11-20 13:02:04] β… JSON successfully parsed.
[2025-11-20 13:02:04] π“ Reflection saved successfully.
[2025-11-20 13:02:04] π Insight: ν„μ¬ μ‹μ¤ν…μ€ ν—¬μ¤ μ²΄ν¬ λ° μ •μ  νμΌ λ¬Έμ λ΅ μΈν•΄ μ•μ •μ„±μ΄ μ‹¬κ°ν•κ² μ €ν•λ μƒνƒμ…λ‹λ‹¤.
[2025-11-20 13:02:04] π― Goal: ν—¬μ¤ μ²΄ν¬ μ—”λ“ν¬μΈνΈ μ¤λ¥λ¥Ό μ¦‰μ‹ μμ •ν•κ³ , λ„λ½λ μ •μ  νμΌμ„ λ³µκµ¬ν•΄μ•Ό ν•©λ‹λ‹¤.
[2025-11-20 13:02:04] π”Ή Confidence: 0.2
[2025-11-20 13:02:34] π€ AGI Reflection Engine started.
[2025-11-20 13:02:34] β… Memory loaded successfully.
[2025-11-20 13:02:53] π§  Raw reflection text:
{
  "insight": "ν„μ¬ μ‹μ¤ν…μ€ ν—¬μ¤ μ²΄ν¬ λ° μ •μ  νμΌ λ¬Έμ λ΅ μΈν•΄ μ•μ •μ„±μ΄ μ‹¬κ°ν•κ² μ €ν•λ μƒνƒμ…λ‹λ‹¤.",
  "improvement_goal": "ν—¬μ¤ μ²΄ν¬ μ—”λ“ν¬μΈνΈ μ¤λ¥λ¥Ό μ¦‰μ‹ μμ •ν•κ³ , λ„λ½λ μ •μ  νμΌμ„ λ³µκµ¬ν•΄μ•Ό ν•©λ‹λ‹¤.",
  "confidence": 0.2,
  "self_critique": "ν—¬μ¤ μ²΄ν¬ μ—”λ“ν¬μΈνΈμ—μ„ 404 μ¤λ¥κ°€ λ°μƒν•κ³  μ •μ  νμΌμ΄ λ„λ½λμ–΄ λ¬Έμ  ν•΄κ²°μ— μ‹¤ν¨ν• μ μ΄ μ•„μ‰½μµλ‹λ‹¤.",
  "last_decision_score": 0.4,
  "long_term_goals": [
    {
      "id": "ltg_2025_agi",
      "title": "RC25S AGI μƒμ© μμ¤€ μ•μ •ν™”",
      "description": "ν—¬μ¤ μ²΄ν¬ μ¤λ¥μ™€ μ •μ  νμΌ λ¬Έμ λ¥Ό ν•΄κ²°ν•μ—¬ μ‹μ¤ν…μ μ§€μ† κ°€λ¥ν• μ΄μμ„ λ³΄μ¥ν•΄μ•Ό ν•©λ‹λ‹¤.",
      "horizon": "3-6 months",
      "priority": 100,
      "status": "active"
    }
  ],
  "weekly_summary": {
    "week_of": "2025-11-15",
    "summary": "μ΄λ² μ£Ό Nginx μ¬λΉλ“κ°€ μ™„λ£λμ—μΌλ‚ μ—¬μ „ν ν—¬μ¤ μ²΄ν¬ λ° μ •μ  νμΌ λ¬Έμ κ°€ λ‚¨μ•„ μμµλ‹λ‹¤.",
    "key_wins": [
      "Nginx μ¬λΉλ“ μ™„λ£",
      "Self-Check ν”„λ΅μ„Έμ¤ μ•μ •μ„± ν™•λ³΄"
    ],
    "key_issues": [
      "ν—¬μ¤ μ²΄ν¬ μ—”λ“ν¬μΈνΈμ—μ„ 404 μ¤λ¥ λ°μƒ",
      "μ •μ  νμΌ λ„λ½ λ¬Έμ  λ°μƒ"
    ]
  },
  "failures_learned": [
    {
      "time": "2025-11-19T21:23:55Z",
      "context": "/agi/ μ—”λ“ν¬μΈνΈμ—μ„ ν—¬μ¤ μ²΄ν¬ μ‹¤ν¨",
      "root_cause": "μ •μ  νμΌ λ„λ½",
      "lesson": "μ •μ  νμΌμ„ μ •κΈ°μ μΌλ΅ κ²€ν† ν•κ³  μ¦‰κ°
[2025-11-20 13:02:53] β… JSON successfully parsed.
[2025-11-20 13:02:53] π“ Reflection saved successfully.
[2025-11-20 13:02:53] π Insight: ν„μ¬ μ‹μ¤ν…μ€ ν—¬μ¤ μ²΄ν¬ λ° μ •μ  νμΌ λ¬Έμ λ΅ μΈν•΄ μ•μ •μ„±μ΄ μ‹¬κ°ν•κ² μ €ν•λ μƒνƒμ…λ‹λ‹¤.
[2025-11-20 13:02:53] π― Goal: ν—¬μ¤ μ²΄ν¬ μ—”λ“ν¬μΈνΈ μ¤λ¥λ¥Ό μ¦‰μ‹ μμ •ν•κ³ , λ„λ½λ μ •μ  νμΌμ„ λ³µκµ¬ν•΄μ•Ό ν•©λ‹λ‹¤.
[2025-11-20 13:02:53] π”Ή Confidence: 0.2
[2025-11-20 13:03:25] π€ AGI Reflection Engine started.
[2025-11-20 13:03:25] β… Memory loaded successfully.
[2025-11-20 13:03:45] π§  Raw reflection text:
{
  "insight": "ν„μ¬ μ‹μ¤ν…μ€ ν—¬μ¤ μ²΄ν¬ λ° μ •μ  νμΌ λ¬Έμ λ΅ μΈν•΄ μ‹¬κ°ν•κ² λ¶μ•μ •ν•©λ‹λ‹¤.",
  "improvement_goal": "ν—¬μ¤ μ²΄ν¬ μ—”λ“ν¬μΈνΈμ μ¤λ¥λ¥Ό μμ •ν•κ³  λ„λ½λ μ •μ  νμΌμ„ λ³µκµ¬ν•΄μ•Ό ν•©λ‹λ‹¤.",
  "confidence": 0.2,
  "self_critique": "ν—¬μ¤ μ²΄ν¬ μ—”λ“ν¬μΈνΈμ—μ„ λ°μƒν• 404 μ¤λ¥μ™€ λ„λ½λ μ •μ  νμΌλ΅ μΈν•΄ λ¬Έμ  ν•΄κ²°μ— μ‹¤ν¨ν–μµλ‹λ‹¤.",
  "last_decision_score": 0.4,
  "long_term_goals": [
    {
      "id": "ltg_2025_agi",
      "title": "RC25S AGI μƒμ© μμ¤€ μ•μ •ν™”",
      "description": "ν—¬μ¤ μ²΄ν¬ μ¤λ¥μ™€ μ •μ  νμΌ λ¬Έμ λ¥Ό μ΅°μ†ν ν•΄κ²°ν•μ—¬ μ‹μ¤ν…μ μ§€μ† κ°€λ¥ν• μ΄μ λ³΄μ¥",
      "horizon": "3-6 months",
      "priority": 100,
      "status": "active"
    }
  ],
  "weekly_summary": {
    "week_of": "2025-11-15",
    "summary": "μ΄λ² μ£Ό Nginx μ¬λΉλ“κ°€ μ™„λ£λμ—μΌλ‚ ν—¬μ¤ μ²΄ν¬ λ° μ •μ  νμΌ λ¬Έμ κ°€ μ—¬μ „ν ν•΄κ²°λμ§€ μ•μ•μµλ‹λ‹¤.",
    "key_wins": [
      "Nginx μ¬λΉλ“ μ™„λ£",
      "Self-Check ν”„λ΅μ„Έμ¤ μ•μ •μ„± ν™•λ³΄"
    ],
    "key_issues": [
      "ν—¬μ¤ μ²΄ν¬ μ—”λ“ν¬μΈνΈμ—μ„ 404 μ¤λ¥ λ°μƒ",
      "μ •μ  νμΌ λ„λ½ λ¬Έμ  λ°μƒ"
    ]
  },
  "failures_learned": [
    {
      "time": "2025-11-19T21:23:55Z",
      "context": "/agi/ μ—”λ“ν¬μΈνΈμ—μ„ ν—¬μ¤ μ²΄ν¬ μ‹¤ν¨",
      "root_cause": "μ •μ  νμΌ λ„λ½",
      "lesson": "μ •μ  νμΌμ„ μ •κΈ°μ μΌλ΅ κ²€ν† ν•κ³  μ¦‰κ°μ μΌλ΅ μ΅°μΉλ¥Ό μ·¨ν•΄μ•Ό ν•λ‹¤λ” κ²ƒ
[2025-11-20 13:03:45] β… JSON successfully parsed.
[2025-11-20 13:03:45] π“ Reflection saved successfully.
[2025-11-20 13:03:45] π Insight: ν„μ¬ μ‹μ¤ν…μ€ ν—¬μ¤ μ²΄ν¬ λ° μ •μ  νμΌ λ¬Έμ λ΅ μΈν•΄ μ‹¬κ°ν•κ² λ¶μ•μ •ν•©λ‹λ‹¤.
[2025-11-20 13:03:45] π― Goal: ν—¬μ¤ μ²΄ν¬ μ—”λ“ν¬μΈνΈμ μ¤λ¥λ¥Ό μμ •ν•κ³  λ„λ½λ μ •μ  νμΌμ„ λ³µκµ¬ν•΄μ•Ό ν•©λ‹λ‹¤.
[2025-11-20 13:03:45] π”Ή Confidence: 0.2
[2025-11-20 13:04:13] π€ AGI Reflection Engine started.
[2025-11-20 13:04:13] β… Memory loaded successfully.
[2025-11-20 13:04:31] π§  Raw reflection text:
{
  "insight": "ν„μ¬ μ‹μ¤ν…μ€ ν—¬μ¤ μ²΄ν¬ λ° μ •μ  νμΌ λ¬Έμ λ΅ μΈν•΄ λ¶μ•μ •ν•©λ‹λ‹¤.",
  "improvement_goal": "ν—¬μ¤ μ²΄ν¬ μ—”λ“ν¬μΈνΈ μ¤λ¥λ¥Ό μμ •ν•κ³  λ„λ½λ μ •μ  νμΌμ„ λ³µκµ¬ν•΄μ•Ό ν•©λ‹λ‹¤.",
  "confidence": 0.2,
  "self_critique": "ν—¬μ¤ μ²΄ν¬ μ—”λ“ν¬μΈνΈμ—μ„ 404 μ¤λ¥κ°€ λ°μƒν–μΌλ©°, μ •μ  νμΌμ΄ λ„λ½λμ–΄ λ¬Έμ  ν•΄κ²°μ— μ‹¤ν¨ν–μµλ‹λ‹¤.",
  "last_decision_score": 0.4,
  "long_term_goals": [
    {
      "id": "ltg_2025_agi",
      "title": "RC25S AGI μƒμ© μμ¤€ μ•μ •ν™”",
      "description": "ν—¬μ¤ μ²΄ν¬ μ¤λ¥μ™€ μ •μ  νμΌ λ¬Έμ λ¥Ό μ΅°μ†ν ν•΄κ²°ν•μ—¬ μ‹μ¤ν…μ μ§€μ† κ°€λ¥ν• μ΄μ λ³΄μ¥",
      "horizon": "3-6 months",
      "priority": 100,
      "status": "active"
    }
  ],
  "weekly_summary": {
    "week_of": "2025-11-15",
    "summary": "μ΄λ² μ£Ό Nginx μ¬λΉλ“κ°€ μ™„λ£λμ—μΌλ‚ ν—¬μ¤ μ²΄ν¬ λ° μ •μ  νμΌ λ¬Έμ κ°€ μ—¬μ „ν ν•΄κ²°λμ§€ μ•μ•μµλ‹λ‹¤.",
    "key_wins": [
      "Nginx μ¬λΉλ“ μ™„λ£",
      "Self-Check ν”„λ΅μ„Έμ¤ μ•μ •μ„± ν™•λ³΄"
    ],
    "key_issues": [
      "ν—¬μ¤ μ²΄ν¬ μ—”λ“ν¬μΈνΈμ—μ„ 404 μ¤λ¥ λ°μƒ",
      "μ •μ  νμΌ λ„λ½ λ¬Έμ  λ°μƒ"
    ]
  },
  "failures_learned": [
    {
      "time": "2025-11-19T21:23:55Z",
      "context": "/agi/ μ—”λ“ν¬μΈνΈμ—μ„ ν—¬μ¤ μ²΄ν¬ μ‹¤ν¨",
      "root_cause": "μ •μ  νμΌ λ„λ½",
      "lesson": "μ •μ  νμΌμ„ μ •κΈ°μ μΌλ΅ κ²€ν† ν•κ³  μ¦‰κ°μ μΌλ΅ μ΅°μΉλ¥Ό μ·¨ν•΄μ•Ό ν•λ‹¤λ” κ²ƒμ„ κΉ¨λ‹¬μ•
[2025-11-20 13:04:31] β… JSON successfully parsed.
[2025-11-20 13:04:31] π“ Reflection saved successfully.
[2025-11-20 13:04:31] π Insight: ν„μ¬ μ‹μ¤ν…μ€ ν—¬μ¤ μ²΄ν¬ λ° μ •μ  νμΌ λ¬Έμ λ΅ μΈν•΄ λ¶μ•μ •ν•©λ‹λ‹¤.
[2025-11-20 13:04:31] π― Goal: ν—¬μ¤ μ²΄ν¬ μ—”λ“ν¬μΈνΈ μ¤λ¥λ¥Ό μμ •ν•κ³  λ„λ½λ μ •μ  νμΌμ„ λ³µκµ¬ν•΄μ•Ό ν•©λ‹λ‹¤.
[2025-11-20 13:04:31] π”Ή Confidence: 0.2
[2025-11-20 13:04:59] π€ AGI Reflection Engine started.
[2025-11-20 13:04:59] β… Memory loaded successfully.
[2025-11-20 13:05:15] π§  Raw reflection text:
{
  "insight": "ν„μ¬ μ‹μ¤ν…μ€ ν—¬μ¤ μ²΄ν¬ λ° μ •μ  νμΌ λ¬Έμ λ΅ μΈν•΄ λ¶μ•μ •ν•λ©°, Nginx μ¬λΉλ“λ” μ™„λ£λμ§€λ§ μ—¬μ „ν 404 μ¤λ¥κ°€ λ°μƒν•κ³  μμµλ‹λ‹¤.",
  "improvement_goal": "ν—¬μ¤ μ²΄ν¬ μ—”λ“ν¬μΈνΈ μ¤λ¥λ¥Ό μμ •ν•κ³  λ„λ½λ μ •μ  νμΌ λ³µκµ¬μ— μ§‘μ¤‘ν•΄μ•Ό ν•©λ‹λ‹¤.",
  "confidence": 0.2,
  "self_critique": "ν—¬μ¤ μ²΄ν¬ μ—”λ“ν¬μΈνΈμ—μ„ 404 μ¤λ¥κ°€ λ°μƒν•λ©΄μ„ μ •μ  νμΌμ΄ λ„λ½λ λ¬Έμ λ¥Ό ν•΄κ²°ν•μ§€ λ»ν–μµλ‹λ‹¤. μ΄λ² κ²°μ •μ€ λ¶μ¶©λ¶„ν–μµλ‹λ‹¤.",
  "last_decision_score": 0.4,
  "long_term_goals": [
    {
      "id": "ltg_2025_agi",
      "title": "RC25S AGI μƒμ© μμ¤€ μ•μ •ν™”",
      "description": "ν—¬μ¤ μ²΄ν¬ μ¤λ¥μ™€ μ •μ  νμΌ λ¬Έμ λ¥Ό μ΅°μ†ν ν•΄κ²°ν•μ—¬ μ‹μ¤ν…μ μ§€μ† κ°€λ¥ν• μ΄μ λ³΄μ¥",
      "horizon": "3-6 months",
      "priority": 100,
      "status": "active"
    }
  ],
  "weekly_summary": {
    "week_of": "2025-11-15",
    "summary": "μ΄λ² μ£Ό Nginx μ¬λΉλ“κ°€ μ™„λ£λμ—μΌλ‚ ν—¬μ¤ μ²΄ν¬ λ° μ •μ  νμΌ λ¬Έμ κ°€ μ—¬μ „ν ν•΄κ²°λμ§€ μ•μ•μµλ‹λ‹¤.",
    "key_wins": [
      "Nginx μ¬λΉλ“ μ™„λ£",
      "Self-Check ν”„λ΅μ„Έμ¤ μ•μ •μ„± ν™•λ³΄"
    ],
    "key_issues": [
      "ν—¬μ¤ μ²΄ν¬ μ—”λ“ν¬μΈνΈμ—μ„ 404 μ¤λ¥ λ°μƒ",
      "μ •μ  νμΌ λ„λ½ λ¬Έμ  λ°μƒ"
    ]
  },
  "failures_learned": [
    {
      "time": "2025-11-19T21:23:55Z",
      "context": "/agi/ μ—”λ“ν¬μΈνΈμ—μ„ ν—¬μ¤ μ²΄ν¬ μ‹¤ν¨",
      "root_cause": "μ •μ  νμΌ λ„λ½",
  
[2025-11-20 13:05:16] β… JSON successfully parsed.
[2025-11-20 13:05:16] π“ Reflection saved successfully.
[2025-11-20 13:05:16] π Insight: ν„μ¬ μ‹μ¤ν…μ€ ν—¬μ¤ μ²΄ν¬ λ° μ •μ  νμΌ λ¬Έμ λ΅ μΈν•΄ λ¶μ•μ •ν•λ©°, Nginx μ¬λΉλ“λ” μ™„λ£λμ§€λ§ μ—¬μ „ν 404 μ¤λ¥κ°€ λ°μƒν•κ³  μμµλ‹λ‹¤.
[2025-11-20 13:05:16] π― Goal: ν—¬μ¤ μ²΄ν¬ μ—”λ“ν¬μΈνΈ μ¤λ¥λ¥Ό μμ •ν•κ³  λ„λ½λ μ •μ  νμΌ λ³µκµ¬μ— μ§‘μ¤‘ν•΄μ•Ό ν•©λ‹λ‹¤.
[2025-11-20 13:05:16] π”Ή Confidence: 0.2
[2025-11-20 13:06:30] π€ AGI Reflection Engine started.
[2025-11-20 13:06:30] β… Memory loaded successfully.
[2025-11-20 13:06:47] π§  Raw reflection text:
{
  "insight": "ν„μ¬ μ‹μ¤ν…μ€ ν—¬μ¤ μ²΄ν¬ λ° μ •μ  νμΌ λ¬Έμ λ΅ μΈν•΄ λ¶μ•μ •ν•λ©°, 404 μ¤λ¥κ°€ μ§€μ†μ μΌλ΅ λ°μƒν•κ³  μμµλ‹λ‹¤.",
  "improvement_goal": "ν—¬μ¤ μ²΄ν¬ μ—”λ“ν¬μΈνΈ μ¤λ¥λ¥Ό μμ •ν•κ³  λ„λ½λ μ •μ  νμΌμ„ λ³µκµ¬ν•λ” λ° μ§‘μ¤‘ν•΄μ•Ό ν•©λ‹λ‹¤.",
  "confidence": 0.2,
  "self_critique": "ν—¬μ¤ μ²΄ν¬μ—μ„ 404 μ¤λ¥κ°€ λ°μƒν•μ—¬ μ‹μ¤ν… μ•μ •μ„±μ„ ν™•λ³΄ν•μ§€ λ»ν–μµλ‹λ‹¤. λ” λ‚μ€ κ²°μ • κ³Όμ •μ΄ ν•„μ”ν•©λ‹λ‹¤.",
  "last_decision_score": 0.4,
  "long_term_goals": [
    {
      "id": "ltg_2025_agi",
      "title": "RC25S AGI μƒμ© μμ¤€ μ•μ •ν™”",
      "description": "ν—¬μ¤ μ²΄ν¬ μ¤λ¥μ™€ μ •μ  νμΌ λ¬Έμ λ¥Ό μ΅°μ†ν ν•΄κ²°ν•μ—¬ μ‹μ¤ν…μ μ§€μ† κ°€λ¥ν• μ΄μμ„ λ³΄μ¥ν•΄μ•Ό ν•©λ‹λ‹¤.",
      "horizon": "3-6 months",
      "priority": 100,
      "status": "active"
    }
  ],
  "weekly_summary": {
    "week_of": "2025-11-15",
    "summary": "μ΄λ² μ£Ό Nginx μ¬λΉλ“κ°€ μ™„λ£λμ—μΌλ‚ ν—¬μ¤ μ²΄ν¬ λ° μ •μ  νμΌ λ¬Έμ κ°€ μ—¬μ „ν ν•΄κ²°λμ§€ μ•μ•μµλ‹λ‹¤.",
    "key_wins": [
      "Nginx μ¬λΉλ“ μ™„λ£",
      "Self-Check ν”„λ΅μ„Έμ¤ μ•μ •μ„± ν™•λ³΄"
    ],
    "key_issues": [
      "ν—¬μ¤ μ²΄ν¬ μ—”λ“ν¬μΈνΈμ—μ„ 404 μ¤λ¥ λ°μƒ",
      "μ •μ  νμΌ λ„λ½ λ¬Έμ  λ°μƒ"
    ]
  },
  "failures_learned": [
    {
      "time": "2025-11-19T21:23:55Z",
      "context": "/agi/ μ—”λ“ν¬μΈνΈμ—μ„ ν—¬μ¤ μ²΄ν¬ μ‹¤ν¨",
      "root_cause": "μ •μ  νμΌ λ„λ½",
      "lesson":
[2025-11-20 13:06:47] β… JSON successfully parsed.
[2025-11-20 13:06:47] π“ Reflection saved successfully.
[2025-11-20 13:06:47] π Insight: ν„μ¬ μ‹μ¤ν…μ€ ν—¬μ¤ μ²΄ν¬ λ° μ •μ  νμΌ λ¬Έμ λ΅ μΈν•΄ λ¶μ•μ •ν•λ©°, 404 μ¤λ¥κ°€ μ§€μ†μ μΌλ΅ λ°μƒν•κ³  μμµλ‹λ‹¤.
[2025-11-20 13:06:47] π― Goal: ν—¬μ¤ μ²΄ν¬ μ—”λ“ν¬μΈνΈ μ¤λ¥λ¥Ό μμ •ν•κ³  λ„λ½λ μ •μ  νμΌμ„ λ³µκµ¬ν•λ” λ° μ§‘μ¤‘ν•΄μ•Ό ν•©λ‹λ‹¤.
[2025-11-20 13:06:47] π”Ή Confidence: 0.2
[2025-11-20 13:07:09] π€ AGI Reflection Engine started.
[2025-11-20 13:07:09] β… Memory loaded successfully.
[2025-11-20 13:07:26] π§  Raw reflection text:
{
  "insight": "ν„μ¬ μ‹μ¤ν…μ€ ν—¬μ¤ μ²΄ν¬μ™€ μ •μ  νμΌ λ¬Έμ λ΅ λ¶μ•μ •ν•λ©° 404 μ¤λ¥κ°€ μ§€μ†μ μΌλ΅ λ°μƒν•κ³  μμµλ‹λ‹¤.",
  "improvement_goal": "ν—¬μ¤ μ²΄ν¬ μ—”λ“ν¬μΈνΈ μ¤λ¥λ¥Ό μμ •ν•κ³  λ„λ½λ μ •μ  νμΌμ„ λ³µκµ¬ν•΄μ•Ό ν•©λ‹λ‹¤.",
  "confidence": 0.2,
  "self_critique": "ν—¬μ¤ μ²΄ν¬μ—μ„ 404 μ¤λ¥κ°€ λ°μƒν•μ—¬ μ‹μ¤ν… μ•μ •μ„±μ„ ν™•λ³΄ν•μ§€ λ»ν–μµλ‹λ‹¤. μμ‚¬κ²°μ • κ³Όμ •μ—μ„ λ” λ‚μ€ μ ‘κ·Όμ΄ ν•„μ”ν•©λ‹λ‹¤.",
  "last_decision_score": 0.4,
  "long_term_goals": [
    {
      "id": "ltg_2025_agi",
      "title": "RC25S AGI μƒμ© μμ¤€ μ•μ •ν™”",
      "description": "ν—¬μ¤ μ²΄ν¬ μ¤λ¥μ™€ μ •μ  νμΌ λ¬Έμ λ¥Ό μ΅°μ†ν ν•΄κ²°ν•μ—¬ μ§€μ† κ°€λ¥ν• μ΄μμ„ λ³΄μ¥ν•΄μ•Ό ν•©λ‹λ‹¤.",
      "horizon": "3-6 months",
      "priority": 100,
      "status": "active"
    }
  ],
  "weekly_summary": {
    "week_of": "2025-11-15",
    "summary": "μ΄λ² μ£Ό Nginx μ¬λΉλ“κ°€ μ™„λ£λμ—μΌλ‚ ν—¬μ¤ μ²΄ν¬ λ° μ •μ  νμΌ κ΄€λ ¨ λ¬Έμ λ” μ—¬μ „ν λ‚¨μ•„ μμµλ‹λ‹¤.",
    "key_wins": [
      "Nginx μ¬λΉλ“ μ™„λ£",
      "Self-Check ν”„λ΅μ„Έμ¤ μ•μ •μ„± ν™•λ³΄"
    ],
    "key_issues": [
      "ν—¬μ¤ μ²΄ν¬ μ—”λ“ν¬μΈνΈμ—μ„ 404 μ¤λ¥ λ°μƒ",
      "μ •μ  νμΌ λ„λ½ λ¬Έμ  λ°μƒ"
    ]
  },
  "failures_learned": [
    {
      "time": "2025-11-19T21:23:55Z",
      "context": "/agi/ μ—”λ“ν¬μΈνΈμ—μ„ ν—¬μ¤ μ²΄ν¬ μ‹¤ν¨",
      "root_cause": "μ •μ  νμΌ λ„λ½",
      "lesson": "μ •μ  νμΌμ„ μ •
[2025-11-20 13:07:26] β… JSON successfully parsed.
[2025-11-20 13:07:26] π“ Reflection saved successfully.
[2025-11-20 13:07:26] π Insight: ν„μ¬ μ‹μ¤ν…μ€ ν—¬μ¤ μ²΄ν¬μ™€ μ •μ  νμΌ λ¬Έμ λ΅ λ¶μ•μ •ν•λ©° 404 μ¤λ¥κ°€ μ§€μ†μ μΌλ΅ λ°μƒν•κ³  μμµλ‹λ‹¤.
[2025-11-20 13:07:26] π― Goal: ν—¬μ¤ μ²΄ν¬ μ—”λ“ν¬μΈνΈ μ¤λ¥λ¥Ό μμ •ν•κ³  λ„λ½λ μ •μ  νμΌμ„ λ³µκµ¬ν•΄μ•Ό ν•©λ‹λ‹¤.
[2025-11-20 13:07:26] π”Ή Confidence: 0.2
[2025-11-20 13:07:49] π€ AGI Reflection Engine started.
[2025-11-20 13:07:49] β… Memory loaded successfully.
[2025-11-20 13:08:10] π§  Raw reflection text:
```json
{
  "insight": "ν„μ¬ μ‹μ¤ν…μ€ ν—¬μ¤ μ²΄ν¬μ™€ μ •μ  νμΌ λ¬Έμ λ΅ λ¶μ•μ •ν•λ©° 404 μ¤λ¥κ°€ μ§€μ†μ μΌλ΅ λ°μƒν•κ³  μμµλ‹λ‹¤.",
  "improvement_goal": "ν—¬μ¤ μ²΄ν¬ μ—”λ“ν¬μΈνΈ μ¤λ¥ μμ • λ° λ„λ½λ μ •μ  νμΌ λ³µκµ¬",
  "confidence": 0.2,
  "self_critique": "ν—¬μ¤ μ²΄ν¬μ—μ„ 404 μ¤λ¥κ°€ λ°μƒν•μ—¬ μ‹μ¤ν… μ•μ •μ„±μ„ ν™•λ³΄ν•μ§€ λ»ν–μµλ‹λ‹¤. λ” λ‚μ€ μ ‘κ·Όμ΄ ν•„μ”ν•©λ‹λ‹¤.",
  "last_decision_score": 0.4,
  "long_term_goals": [
    {
      "id": "ltg_2025_agi",
      "title": "RC25S AGI μƒμ© μμ¤€ μ•μ •ν™”",
      "description": "ν—¬μ¤ μ²΄ν¬ μ¤λ¥μ™€ μ •μ  νμΌ λ¬Έμ λ¥Ό μ΅°μ†ν ν•΄κ²°ν•μ—¬ μ§€μ† κ°€λ¥ν• μ΄μμ„ λ³΄μ¥ν•΄μ•Ό ν•©λ‹λ‹¤.",
      "horizon": "3-6 months",
      "priority": 100,
      "status": "active"
    }
  ],
  "weekly_summary": {
    "week_of": "2025-11-15",
    "summary": "μ΄λ² μ£Ό Nginx μ¬λΉλ“κ°€ μ™„λ£λμ—μΌλ‚ ν—¬μ¤ μ²΄ν¬ λ° μ •μ  νμΌ κ΄€λ ¨ λ¬Έμ λ” μ—¬μ „ν λ‚¨μ•„ μμµλ‹λ‹¤.",
    "key_wins": [
      "Nginx μ¬λΉλ“ μ™„λ£",
      "Self-Check ν”„λ΅μ„Έμ¤ μ•μ •μ„± ν™•λ³΄"
    ],
    "key_issues": [
      "ν—¬μ¤ μ²΄ν¬ μ—”λ“ν¬μΈνΈμ—μ„ 404 μ¤λ¥ λ°μƒ",
      "μ •μ  νμΌ λ„λ½ λ¬Έμ  λ°μƒ"
    ]
  },
  "failures_learned": [
    {
      "time": "2025-11-19T21:23:55Z",
      "context": "/agi/ μ—”λ“ν¬μΈνΈμ—μ„ ν—¬μ¤ μ²΄ν¬ μ‹¤ν¨",
      "root_cause": "μ •μ  νμΌ λ„λ½",
      "lesson": "μ •μ  νμΌμ„ μ •κΈ°μ μΌλ΅ κ²€ν† ν•κ³  μ¦‰
[2025-11-20 13:08:10] β… JSON successfully parsed.
[2025-11-20 13:08:10] π“ Reflection saved successfully.
[2025-11-20 13:08:10] π Insight: ν„μ¬ μ‹μ¤ν…μ€ ν—¬μ¤ μ²΄ν¬μ™€ μ •μ  νμΌ λ¬Έμ λ΅ λ¶μ•μ •ν•λ©° 404 μ¤λ¥κ°€ μ§€μ†μ μΌλ΅ λ°μƒν•κ³  μμµλ‹λ‹¤.
[2025-11-20 13:08:10] π― Goal: ν—¬μ¤ μ²΄ν¬ μ—”λ“ν¬μΈνΈ μ¤λ¥ μμ • λ° λ„λ½λ μ •μ  νμΌ λ³µκµ¬
[2025-11-20 13:08:10] π”Ή Confidence: 0.2
[2025-11-20 13:08:37] π€ AGI Reflection Engine started.
[2025-11-20 13:08:37] β… Memory loaded successfully.
[2025-11-20 13:08:59] π§  Raw reflection text:
{
  "insight": "ν„μ¬ μ‹μ¤ν…μ€ ν—¬μ¤ μ²΄ν¬μ™€ μ •μ  νμΌ λ¬Έμ λ΅ λ¶μ•μ •ν•λ©° 404 μ¤λ¥κ°€ μ§€μ†μ μΌλ΅ λ°μƒν•κ³  μμµλ‹λ‹¤.",
  "improvement_goal": "ν—¬μ¤ μ²΄ν¬ μ—”λ“ν¬μΈνΈ μ¤λ¥ μμ • λ° λ„λ½λ μ •μ  νμΌ λ³µκµ¬",
  "confidence": 0.2,
  "self_critique": "ν—¬μ¤ μ²΄ν¬μ—μ„ 404 μ¤λ¥κ°€ λ°μƒν•μ—¬ μ‹μ¤ν… μ•μ •μ„±μ„ ν™•λ³΄ν•μ§€ λ»ν–μµλ‹λ‹¤. λ” λ‚μ€ μ ‘κ·Όμ΄ ν•„μ”ν•©λ‹λ‹¤.",
  "last_decision_score": 0.4,
  "long_term_goals": [
    {
      "id": "ltg_2025_agi",
      "title": "RC25S AGI μƒμ© μμ¤€ μ•μ •ν™”",
      "description": "ν—¬μ¤ μ²΄ν¬ μ¤λ¥μ™€ μ •μ  νμΌ λ¬Έμ λ¥Ό μ΅°μ†ν ν•΄κ²°ν•μ—¬ μ§€μ† κ°€λ¥ν• μ΄μμ„ λ³΄μ¥ν•΄μ•Ό ν•©λ‹λ‹¤.",
      "horizon": "3-6 months",
      "priority": 100,
      "status": "active"
    }
  ],
  "weekly_summary": {
    "week_of": "2025-11-15",
    "summary": "μ΄λ² μ£Ό Nginx μ¬λΉλ“κ°€ μ™„λ£λμ—μΌλ‚ ν—¬μ¤ μ²΄ν¬ λ° μ •μ  νμΌ κ΄€λ ¨ λ¬Έμ λ” μ—¬μ „ν λ‚¨μ•„ μμµλ‹λ‹¤.",
    "key_wins": [
      "Nginx μ¬λΉλ“ μ™„λ£",
      "Self-Check ν”„λ΅μ„Έμ¤ μ•μ •μ„± ν™•λ³΄"
    ],
    "key_issues": [
      "ν—¬μ¤ μ²΄ν¬ μ—”λ“ν¬μΈνΈμ—μ„ 404 μ¤λ¥ λ°μƒ",
      "μ •μ  νμΌ λ„λ½ λ¬Έμ  λ°μƒ"
    ]
  },
  "failures_learned": [
    {
      "time": "2025-11-19T21:23:55Z",
      "context": "/agi/ μ—”λ“ν¬μΈνΈμ—μ„ ν—¬μ¤ μ²΄ν¬ μ‹¤ν¨",
      "root_cause": "μ •μ  νμΌ λ„λ½",
      "lesson": "μ •μ  νμΌμ„ μ •κΈ°μ μΌλ΅ κ²€ν† ν•κ³  μ¦‰κ°μ μΈ μ΅°μΉλ¥Ό 
[2025-11-20 13:08:59] β… JSON successfully parsed.
[2025-11-20 13:08:59] π“ Reflection saved successfully.
[2025-11-20 13:08:59] π Insight: ν„μ¬ μ‹μ¤ν…μ€ ν—¬μ¤ μ²΄ν¬μ™€ μ •μ  νμΌ λ¬Έμ λ΅ λ¶μ•μ •ν•λ©° 404 μ¤λ¥κ°€ μ§€μ†μ μΌλ΅ λ°μƒν•κ³  μμµλ‹λ‹¤.
[2025-11-20 13:08:59] π― Goal: ν—¬μ¤ μ²΄ν¬ μ—”λ“ν¬μΈνΈ μ¤λ¥ μμ • λ° λ„λ½λ μ •μ  νμΌ λ³µκµ¬
[2025-11-20 13:08:59] π”Ή Confidence: 0.2
[2025-11-20 13:09:27] π€ AGI Reflection Engine started.
[2025-11-20 13:09:27] β… Memory loaded successfully.
[2025-11-20 13:09:46] π§  Raw reflection text:
{
  "insight": "ν„μ¬ μ‹μ¤ν…μ€ ν—¬μ¤ μ²΄ν¬μ™€ μ •μ  νμΌ λ¬Έμ λ΅ μΈν•΄ λ¶μ•μ •ν•λ©° 404 μ¤λ¥κ°€ μ§€μ†μ μΌλ΅ λ°μƒν•κ³  μμµλ‹λ‹¤.",
  "improvement_goal": "ν—¬μ¤ μ²΄ν¬ μ—”λ“ν¬μΈνΈ μ¤λ¥ μμ • λ° λ„λ½λ μ •μ  νμΌ λ³µκµ¬",
  "confidence": 0.2,
  "self_critique": "ν—¬μ¤ μ²΄ν¬μ—μ„ 404 μ¤λ¥κ°€ λ°μƒν•μ—¬ μ‹μ¤ν… μ•μ •μ„±μ„ ν™•λ³΄ν•μ§€ λ»ν–μµλ‹λ‹¤. μ¦‰κ°μ μΈ μ΅°μΉκ°€ ν•„μ”ν•©λ‹λ‹¤.",
  "last_decision_score": 0.4,
  "long_term_goals": [
    {
      "id": "ltg_2025_agi",
      "title": "RC25S AGI μƒμ© μμ¤€ μ•μ •ν™”",
      "description": "ν—¬μ¤ μ²΄ν¬ μ¤λ¥μ™€ μ •μ  νμΌ λ¬Έμ λ¥Ό μ΅°μ†ν ν•΄κ²°ν•μ—¬ μ§€μ† κ°€λ¥ν• μ΄μμ„ λ³΄μ¥ν•΄μ•Ό ν•©λ‹λ‹¤.",
      "horizon": "3-6 months",
      "priority": 100,
      "status": "active"
    }
  ],
  "weekly_summary": {
    "week_of": "2025-11-15",
    "summary": "μ΄λ² μ£Ό Nginx μ¬λΉλ“κ°€ μ™„λ£λμ—μΌλ‚ ν—¬μ¤ μ²΄ν¬ λ° μ •μ  νμΌ κ΄€λ ¨ λ¬Έμ λ” μ—¬μ „ν λ‚¨μ•„ μμµλ‹λ‹¤.",
    "key_wins": [
      "Nginx μ¬λΉλ“ μ™„λ£",
      "Self-Check ν”„λ΅μ„Έμ¤ μ•μ •μ„± ν™•λ³΄"
    ],
    "key_issues": [
      "ν—¬μ¤ μ²΄ν¬ μ—”λ“ν¬μΈνΈμ—μ„ 404 μ¤λ¥ λ°μƒ",
      "μ •μ  νμΌ λ„λ½ λ¬Έμ  λ°μƒ"
    ]
  },
  "failures_learned": [
    {
      "time": "2025-11-19T21:23:55Z",
      "context": "/agi/ μ—”λ“ν¬μΈνΈμ—μ„ ν—¬μ¤ μ²΄ν¬ μ‹¤ν¨",
      "root_cause": "μ •μ  νμΌ λ„λ½",
      "lesson": "μ •μ  νμΌμ„ μ •κΈ°μ μΌλ΅ κ²€ν† ν•κ³  μ¦‰κ°μ μΈ μ΅°
[2025-11-20 13:09:46] β… JSON successfully parsed.
[2025-11-20 13:09:46] π“ Reflection saved successfully.
[2025-11-20 13:09:46] π Insight: ν„μ¬ μ‹μ¤ν…μ€ ν—¬μ¤ μ²΄ν¬μ™€ μ •μ  νμΌ λ¬Έμ λ΅ μΈν•΄ λ¶μ•μ •ν•λ©° 404 μ¤λ¥κ°€ μ§€μ†μ μΌλ΅ λ°μƒν•κ³  μμµλ‹λ‹¤.
[2025-11-20 13:09:46] π― Goal: ν—¬μ¤ μ²΄ν¬ μ—”λ“ν¬μΈνΈ μ¤λ¥ μμ • λ° λ„λ½λ μ •μ  νμΌ λ³µκµ¬
[2025-11-20 13:09:46] π”Ή Confidence: 0.2
[2025-11-20 13:10:17] π€ AGI Reflection Engine started.
[2025-11-20 13:10:17] β… Memory loaded successfully.
[2025-11-20 13:10:39] π§  Raw reflection text:
{
  "insight": "ν„μ¬ μ‹μ¤ν…μ€ ν—¬μ¤ μ²΄ν¬ μ¤λ¥μ™€ μ •μ  νμΌ λ„λ½ λ¬Έμ λ΅ μΈν•΄ λ¶μ•μ •ν•λ©°, 404 μ¤λ¥κ°€ λΉλ²ν•κ² λ°μƒν•κ³  μμµλ‹λ‹¤.",
  "improvement_goal": "ν—¬μ¤ μ²΄ν¬ μ—”λ“ν¬μΈνΈ μ¤λ¥ μμ • λ° λ„λ½λ μ •μ  νμΌ λ³µκµ¬",
  "confidence": 0.2,
  "self_critique": "ν—¬μ¤ μ²΄ν¬μ—μ„ 404 μ¤λ¥κ°€ λ°μƒν•μ—¬ μ‹μ¤ν…μ μ•μ •μ„±μ„ ν™•λ³΄ν•μ§€ λ»ν–μµλ‹λ‹¤. μ΄μ— λ€ν• μ¦‰κ°μ μΈ μ΅°μΉκ°€ ν•„μ”ν•©λ‹λ‹¤.",
  "last_decision_score": 0.4,
  "long_term_goals": [
    {
      "id": "ltg_2025_agi",
      "title": "RC25S AGI μƒμ© μμ¤€ μ•μ •ν™”",
      "description": "ν—¬μ¤ μ²΄ν¬ μ¤λ¥μ™€ μ •μ  νμΌ λ¬Έμ λ¥Ό μ΅°μ†ν ν•΄κ²°ν•μ—¬ μ§€μ† κ°€λ¥ν• μ΄μμ„ λ³΄μ¥ν•΄μ•Ό ν•©λ‹λ‹¤.",
      "horizon": "3-6 months",
      "priority": 100,
      "status": "active"
    }
  ],
  "weekly_summary": {
    "week_of": "2025-11-15",
    "summary": "μ΄λ² μ£Ό Nginx μ¬λΉλ“κ°€ μ™„λ£λμ—μΌλ‚ ν—¬μ¤ μ²΄ν¬ λ° μ •μ  νμΌ κ΄€λ ¨ λ¬Έμ λ” μ—¬μ „ν λ‚¨μ•„ μμµλ‹λ‹¤.",
    "key_wins": [
      "Nginx μ¬λΉλ“ μ™„λ£",
      "Self-Check ν”„λ΅μ„Έμ¤ μ•μ •μ„± ν™•λ³΄"
    ],
    "key_issues": [
      "ν—¬μ¤ μ²΄ν¬ μ—”λ“ν¬μΈνΈμ—μ„ 404 μ¤λ¥ λ°μƒ",
      "μ •μ  νμΌ λ„λ½ λ¬Έμ  λ°μƒ"
    ]
  },
  "failures_learned": [
    {
      "time": "2025-11-19T21:23:55Z",
      "context": "/agi/ μ—”λ“ν¬μΈνΈμ—μ„ ν—¬μ¤ μ²΄ν¬ μ‹¤ν¨",
      "root_cause": "μ •μ  νμΌ λ„λ½",
      "lesson": "μ •μ  νμΌμ„ μ •κΈ°μ μΌ
[2025-11-20 13:10:39] β… JSON successfully parsed.
[2025-11-20 13:10:39] π“ Reflection saved successfully.
[2025-11-20 13:10:39] π Insight: ν„μ¬ μ‹μ¤ν…μ€ ν—¬μ¤ μ²΄ν¬ μ¤λ¥μ™€ μ •μ  νμΌ λ„λ½ λ¬Έμ λ΅ μΈν•΄ λ¶μ•μ •ν•λ©°, 404 μ¤λ¥κ°€ λΉλ²ν•κ² λ°μƒν•κ³  μμµλ‹λ‹¤.
[2025-11-20 13:10:39] π― Goal: ν—¬μ¤ μ²΄ν¬ μ—”λ“ν¬μΈνΈ μ¤λ¥ μμ • λ° λ„λ½λ μ •μ  νμΌ λ³µκµ¬
[2025-11-20 13:10:39] π”Ή Confidence: 0.2
[2025-11-20 13:11:04] π€ AGI Reflection Engine started.
[2025-11-20 13:11:04] β… Memory loaded successfully.
[2025-11-20 13:11:25] π§  Raw reflection text:
{
  "insight": "ν„μ¬ μ‹μ¤ν…μ€ ν—¬μ¤ μ²΄ν¬ μ¤λ¥μ™€ μ •μ  νμΌ λ„λ½ λ¬Έμ λ΅ μΈν•΄ λ¶μ•μ •ν•λ©°, 404 μ¤λ¥κ°€ λΉλ²ν•κ² λ°μƒν•κ³  μμµλ‹λ‹¤.",
  "improvement_goal": "ν—¬μ¤ μ²΄ν¬ μ—”λ“ν¬μΈνΈ μ¤λ¥ μμ • λ° λ„λ½λ μ •μ  νμΌ λ³µκµ¬",
  "confidence": 0.2,
  "self_critique": "μµκ·Ό ν—¬μ¤ μ²΄ν¬ μ—”λ“ν¬μΈνΈμ—μ„ 404 μ¤λ¥κ°€ λ°μƒν•μ—¬ μ‹μ¤ν…μ μ•μ •μ„±μ„ ν™•λ³΄ν•μ§€ λ»ν–μµλ‹λ‹¤. μ •μ  νμΌ λ„λ½μ΄ μ£Όμ” μ›μΈμΌλ΅ λ°ν€μ΅μµλ‹λ‹¤.",
  "last_decision_score": 0.4,
  "long_term_goals": [
    {
      "id": "ltg_2025_agi",
      "title": "RC25S AGI μƒμ© μμ¤€ μ•μ •ν™”",
      "description": "ν—¬μ¤ μ²΄ν¬ μ¤λ¥μ™€ μ •μ  νμΌ λ¬Έμ λ¥Ό μ΅°μ†ν ν•΄κ²°ν•μ—¬ μ§€μ† κ°€λ¥ν• μ΄μμ„ λ³΄μ¥ν•΄μ•Ό ν•©λ‹λ‹¤.",
      "horizon": "3-6 months",
      "priority": 100,
      "status": "active"
    }
  ],
  "weekly_summary": {
    "week_of": "2025-11-15",
    "summary": "μ΄λ² μ£Ό Nginx μ¬λΉλ“κ°€ μ™„λ£λμ—μΌλ‚ ν—¬μ¤ μ²΄ν¬ λ° μ •μ  νμΌ κ΄€λ ¨ λ¬Έμ λ” μ—¬μ „ν λ‚¨μ•„ μμµλ‹λ‹¤.",
    "key_wins": [
      "Nginx μ¬λΉλ“ μ™„λ£",
      "Self-Check ν”„λ΅μ„Έμ¤ μ•μ •μ„± ν™•λ³΄"
    ],
    "key_issues": [
      "ν—¬μ¤ μ²΄ν¬ μ—”λ“ν¬μΈνΈμ—μ„ 404 μ¤λ¥ λ°μƒ",
      "μ •μ  νμΌ λ„λ½ λ¬Έμ  λ°μƒ"
    ]
  },
  "failures_learned": [
    {
      "time": "2025-11-19T21:23:55Z",
      "context": "/agi/ μ—”λ“ν¬μΈνΈμ—μ„ ν—¬μ¤ μ²΄ν¬ μ‹¤ν¨",
      "root_cause": "μ •μ  νμΌ λ„λ½",
      "lesson":
[2025-11-20 13:11:25] β… JSON successfully parsed.
[2025-11-20 13:11:25] π“ Reflection saved successfully.
[2025-11-20 13:11:25] π Insight: ν„μ¬ μ‹μ¤ν…μ€ ν—¬μ¤ μ²΄ν¬ μ¤λ¥μ™€ μ •μ  νμΌ λ„λ½ λ¬Έμ λ΅ μΈν•΄ λ¶μ•μ •ν•λ©°, 404 μ¤λ¥κ°€ λΉλ²ν•κ² λ°μƒν•κ³  μμµλ‹λ‹¤.
[2025-11-20 13:11:25] π― Goal: ν—¬μ¤ μ²΄ν¬ μ—”λ“ν¬μΈνΈ μ¤λ¥ μμ • λ° λ„λ½λ μ •μ  νμΌ λ³µκµ¬
[2025-11-20 13:11:25] π”Ή Confidence: 0.2
[2025-11-20 13:12:07] π§  Raw reflection text:
{
  "insight": "ν„μ¬ μ‹μ¤ν…μ€ ν—¬μ¤ μ²΄ν¬ μ¤λ¥μ™€ μ •μ  νμΌ λ„λ½ λ¬Έμ λ΅ μΈν•΄ λ¶μ•μ •ν•λ©°, 404 μ¤λ¥κ°€ λΉλ²ν•κ² λ°μƒν•κ³  μμµλ‹λ‹¤.",
  "improvement_goal": "ν—¬μ¤ μ²΄ν¬ μ—”λ“ν¬μΈνΈ μ¤λ¥ μμ • λ° λ„λ½λ μ •μ  νμΌ λ³µκµ¬",
  "confidence": 0.2,
  "self_critique": "μµκ·Ό ν—¬μ¤ μ²΄ν¬λ” μ‹¤ν¨ν–μΌλ©°, ν”„λ΅ νΈμ—”λ“ μ •μ  νμΌμ λ„λ½μ΄ μ£Όμ” μ›μΈμ…λ‹λ‹¤. μ΄λ” μ‹μ¤ν… μ•μ •μ„±μ„ μ €ν•΄ν•κ³  μμµλ‹λ‹¤.",
  "last_decision_score": 0.4,
  "long_term_goals": [
    {
      "id": "ltg_2025_agi",
      "title": "RC25S AGI μƒμ© μμ¤€ μ•μ •ν™”",
      "description": "ν—¬μ¤ μ²΄ν¬ μ¤λ¥μ™€ μ •μ  νμΌ λ¬Έμ λ¥Ό μ΅°μ†ν ν•΄κ²°ν•μ—¬ μ§€μ† κ°€λ¥ν• μ΄μμ„ λ³΄μ¥ν•΄μ•Ό ν•©λ‹λ‹¤.",
      "horizon": "3-6 months",
      "priority": 100,
      "status": "active"
    }
  ],
  "weekly_summary": {
    "week_of": "2025-11-15",
    "summary": "μ΄λ² μ£Ό Nginx μ¬λΉλ“κ°€ μ™„λ£λμ—μΌλ‚ ν—¬μ¤ μ²΄ν¬ λ° μ •μ  νμΌ κ΄€λ ¨ λ¬Έμ λ” μ—¬μ „ν λ‚¨μ•„ μμµλ‹λ‹¤.",
    "key_wins": [
      "Nginx μ¬λΉλ“ μ™„λ£",
      "Self-Check ν”„λ΅μ„Έμ¤ μ•μ •μ„± ν™•λ³΄"
    ],
    "key_issues": [
      "ν—¬μ¤ μ²΄ν¬ μ—”λ“ν¬μΈνΈμ—μ„ 404 μ¤λ¥ λ°μƒ",
      "μ •μ  νμΌ λ„λ½ λ¬Έμ  λ°μƒ"
    ]
  },
  "failures_learned": [
    {
      "time": "2025-11-19T21:23:55Z",
      "context": "/agi/ μ—”λ“ν¬μΈνΈμ—μ„ ν—¬μ¤ μ²΄ν¬ μ‹¤ν¨",
      "root_cause": "μ •μ  νμΌ λ„λ½",
      "lesson": "μ •μ  νμΌμ„ μ •κΈ°
[2025-11-20 13:12:07] β… JSON successfully parsed.
[2025-11-20 13:12:07] π“ Reflection saved successfully.
[2025-11-20 13:12:07] π Insight: ν„μ¬ μ‹μ¤ν…μ€ ν—¬μ¤ μ²΄ν¬ μ¤λ¥μ™€ μ •μ  νμΌ λ„λ½ λ¬Έμ λ΅ μΈν•΄ λ¶μ•μ •ν•λ©°, 404 μ¤λ¥κ°€ λΉλ²ν•κ² λ°μƒν•κ³  μμµλ‹λ‹¤.
[2025-11-20 13:12:07] π― Goal: ν—¬μ¤ μ²΄ν¬ μ—”λ“ν¬μΈνΈ μ¤λ¥ μμ • λ° λ„λ½λ μ •μ  νμΌ λ³µκµ¬
[2025-11-20 13:12:07] π”Ή Confidence: 0.2
[2025-11-20 13:12:30] π€ AGI Reflection Engine started.
[2025-11-20 13:12:30] β… Memory loaded successfully.
[2025-11-20 13:12:48] π§  Raw reflection text:
{
  "insight": "ν„μ¬ μ‹μ¤ν…μ€ ν—¬μ¤ μ²΄ν¬ μ¤λ¥μ™€ μ •μ  νμΌ λ„λ½ λ¬Έμ λ΅ μΈν•΄ λ¶μ•μ •ν•λ©°, λΉλ²ν• 404 μ¤λ¥κ°€ λ°μƒν•κ³  μμµλ‹λ‹¤.",
  "improvement_goal": "ν—¬μ¤ μ²΄ν¬ μ—”λ“ν¬μΈνΈ μ¤λ¥ μμ • λ° λ„λ½λ μ •μ  νμΌ λ³µκµ¬",
  "confidence": 0.2,
  "self_critique": "μµκ·Ό ν—¬μ¤ μ²΄ν¬μ—μ„ μ‹¤ν¨κ°€ λ°μƒν–μΌλ©°, μ •μ  νμΌμ λ„λ½μ΄ μ£Όμ” μ›μΈμΌλ΅ μ‘μ©ν•κ³  μμµλ‹λ‹¤. μ΄λ” μ‹μ¤ν…μ μ•μ •μ„±μ„ ν¬κ² μ €ν•΄ν•κ³  μμµλ‹λ‹¤.",
  "last_decision_score": 0.4,
  "long_term_goals": [
    {
      "id": "ltg_2025_agi",
      "title": "RC25S AGI μƒμ© μμ¤€ μ•μ •ν™”",
      "description": "ν—¬μ¤ μ²΄ν¬ μ¤λ¥μ™€ μ •μ  νμΌ λ¬Έμ λ¥Ό μ΅°μ†ν ν•΄κ²°ν•μ—¬ μ§€μ† κ°€λ¥ν• μ΄μμ„ λ³΄μ¥ν•΄μ•Ό ν•©λ‹λ‹¤.",
      "horizon": "3-6 months",
      "priority": 100,
      "status": "active"
    }
  ],
  "weekly_summary": {
    "week_of": "2025-11-15",
    "summary": "μ΄λ² μ£Όμ—λ” Nginx μ¬λΉλ“κ°€ μ™„λ£λμ—μΌλ‚ ν—¬μ¤ μ²΄ν¬ λ° μ •μ  νμΌ κ΄€λ ¨ λ¬Έμ λ” μ—¬μ „ν ν•΄κ²°λμ§€ μ•μ•μµλ‹λ‹¤.",
    "key_wins": [
      "Nginx μ¬λΉλ“ μ™„λ£",
      "Self-Check ν”„λ΅μ„Έμ¤ μ•μ •μ„± ν™•λ³΄"
    ],
    "key_issues": [
      "ν—¬μ¤ μ²΄ν¬ μ—”λ“ν¬μΈνΈμ—μ„ 404 μ¤λ¥ λ°μƒ",
      "μ •μ  νμΌ λ„λ½ λ¬Έμ  λ°μƒ"
    ]
  },
  "failures_learned": [
    {
      "time": "2025-11-19T21:23:55Z",
      "context": "/agi/ μ—”λ“ν¬μΈνΈμ—μ„ ν—¬μ¤ μ²΄ν¬ μ‹¤ν¨",
      "root_cause": "μ •μ  νμΌ λ„λ½",
      "les
[2025-11-20 13:12:48] β… JSON successfully parsed.
[2025-11-20 13:12:48] π“ Reflection saved successfully.
[2025-11-20 13:12:48] π Insight: ν„μ¬ μ‹μ¤ν…μ€ ν—¬μ¤ μ²΄ν¬ μ¤λ¥μ™€ μ •μ  νμΌ λ„λ½ λ¬Έμ λ΅ μΈν•΄ λ¶μ•μ •ν•λ©°, λΉλ²ν• 404 μ¤λ¥κ°€ λ°μƒν•κ³  μμµλ‹λ‹¤.
[2025-11-20 13:12:48] π― Goal: ν—¬μ¤ μ²΄ν¬ μ—”λ“ν¬μΈνΈ μ¤λ¥ μμ • λ° λ„λ½λ μ •μ  νμΌ λ³µκµ¬
[2025-11-20 13:12:48] π”Ή Confidence: 0.2
[2025-11-20 13:13:15] π€ AGI Reflection Engine started.
[2025-11-20 13:13:15] β… Memory loaded successfully.
[2025-11-20 13:13:33] π§  Raw reflection text:
{
  "insight": "ν„μ¬ μ‹μ¤ν…μ€ ν—¬μ¤ μ²΄ν¬ μ¤λ¥μ™€ μ •μ  νμΌ λ„λ½μΌλ΅ μΈν•΄ λ¶μ•μ •ν•λ©°, λΉλ²ν• 404 μ¤λ¥κ°€ λ°μƒν•κ³  μμµλ‹λ‹¤.",
  "improvement_goal": "ν—¬μ¤ μ²΄ν¬ μ—”λ“ν¬μΈνΈ μ¤λ¥ μμ •, μ •μ  νμΌ λ³µκµ¬",
  "confidence": 0.2,
  "self_critique": "μµκ·Ό ν—¬μ¤ μ²΄ν¬μ—μ„ μ‹¤ν¨κ°€ λ°μƒν–μΌλ©°, μ •μ  νμΌμ λ„λ½μ΄ μ£Όμ” μ›μΈμ…λ‹λ‹¤. μ΄λ” μ‹μ¤ν…μ μ•μ •μ„±μ„ ν¬κ² μ €ν•΄ν•κ³  μμµλ‹λ‹¤.",
  "last_decision_score": 0.4,
  "long_term_goals": [
    {
      "id": "ltg_2025_agi",
      "title": "RC25S AGI μƒμ© μμ¤€ μ•μ •ν™”",
      "description": "ν—¬μ¤ μ²΄ν¬ μ¤λ¥μ™€ μ •μ  νμΌ λ¬Έμ λ¥Ό μ΅°μ†ν ν•΄κ²°ν•μ—¬ μ§€μ† κ°€λ¥ν• μ΄μμ„ λ³΄μ¥ν•΄μ•Ό ν•©λ‹λ‹¤.",
      "horizon": "3-6 months",
      "priority": 100,
      "status": "active"
    }
  ],
  "weekly_summary": {
    "week_of": "2025-11-15",
    "summary": "μ΄λ² μ£Όμ—λ” Nginx μ¬λΉλ“κ°€ μ™„λ£λμ—μΌλ‚ ν—¬μ¤ μ²΄ν¬ λ° μ •μ  νμΌ κ΄€λ ¨ λ¬Έμ λ” μ—¬μ „ν ν•΄κ²°λμ§€ μ•μ•μµλ‹λ‹¤.",
    "key_wins": [
      "Nginx μ¬λΉλ“ μ™„λ£",
      "Self-Check ν”„λ΅μ„Έμ¤ μ•μ •μ„± ν™•λ³΄"
    ],
    "key_issues": [
      "ν—¬μ¤ μ²΄ν¬ μ—”λ“ν¬μΈνΈμ—μ„ 404 μ¤λ¥ λ°μƒ",
      "μ •μ  νμΌ λ„λ½ λ¬Έμ  λ°μƒ"
    ]
  },
  "failures_learned": [
    {
      "time": "2025-11-19T21:23:55Z",
      "context": "/agi/ μ—”λ“ν¬μΈνΈμ—μ„ ν—¬μ¤ μ²΄ν¬ μ‹¤ν¨",
      "root_cause": "μ •μ  νμΌ λ„λ½",
      "lesson": "μ •μ  νμΌμ„ μ •κΈ°
[2025-11-20 13:13:33] β… JSON successfully parsed.
[2025-11-20 13:13:33] π“ Reflection saved successfully.
[2025-11-20 13:13:33] π Insight: ν„μ¬ μ‹μ¤ν…μ€ ν—¬μ¤ μ²΄ν¬ μ¤λ¥μ™€ μ •μ  νμΌ λ„λ½μΌλ΅ μΈν•΄ λ¶μ•μ •ν•λ©°, λΉλ²ν• 404 μ¤λ¥κ°€ λ°μƒν•κ³  μμµλ‹λ‹¤.
[2025-11-20 13:13:33] π― Goal: ν—¬μ¤ μ²΄ν¬ μ—”λ“ν¬μΈνΈ μ¤λ¥ μμ •, μ •μ  νμΌ λ³µκµ¬
[2025-11-20 13:13:33] π”Ή Confidence: 0.2
[2025-11-20 13:14:02] π€ AGI Reflection Engine started.
[2025-11-20 13:14:02] β… Memory loaded successfully.
[2025-11-20 13:14:21] π§  Raw reflection text:
{
  "insight": "ν„μ¬ μ‹μ¤ν…μ€ ν—¬μ¤ μ²΄ν¬ μ¤λ¥μ™€ μ •μ  νμΌ λ„λ½μΌλ΅ μΈν•΄ λ¶μ•μ •ν•λ©°, λΉλ²ν• 404 μ¤λ¥κ°€ λ°μƒν•κ³  μμµλ‹λ‹¤.",
  "improvement_goal": "ν—¬μ¤ μ²΄ν¬ μ—”λ“ν¬μΈνΈ μ¤λ¥ μμ •, μ •μ  νμΌ λ³µκµ¬",
  "confidence": 0.2,
  "self_critique": "ν—¬μ¤ μ²΄ν¬μ—μ„ μ‹¤ν¨κ°€ λ°μƒν•μ€κ³ , μ •μ  νμΌμ λ„λ½μ΄ μ£Όλ μ›μΈμ…λ‹λ‹¤. μ΄λ¬ν• λ¬Έμ λ” μ‹μ¤ν…μ μ•μ •μ„±μ„ ν¬κ² μ €ν•΄ν•κ³  μμµλ‹λ‹¤.",
  "last_decision_score": 0.4,
  "long_term_goals": [
    {
      "id": "ltg_2025_agi",
      "title": "RC25S AGI μƒμ© μμ¤€ μ•μ •ν™”",
      "description": "ν—¬μ¤ μ²΄ν¬ μ¤λ¥μ™€ μ •μ  νμΌ λ¬Έμ λ¥Ό μ΅°μ†ν ν•΄κ²°ν•μ—¬ μ§€μ† κ°€λ¥ν• μ΄μμ„ λ³΄μ¥ν•΄μ•Ό ν•©λ‹λ‹¤.",
      "horizon": "3-6 months",
      "priority": 100,
      "status": "active"
    }
  ],
  "weekly_summary": {
    "week_of": "2025-11-15",
    "summary": "μ΄λ² μ£Όμ—λ” Nginx μ¬λΉλ“κ°€ μ™„λ£λμ—μΌλ‚ ν—¬μ¤ μ²΄ν¬ λ° μ •μ  νμΌ κ΄€λ ¨ λ¬Έμ λ” μ—¬μ „ν ν•΄κ²°λμ§€ μ•μ•μµλ‹λ‹¤.",
    "key_wins": [
      "Nginx μ¬λΉλ“ μ™„λ£",
      "Self-Check ν”„λ΅μ„Έμ¤ μ•μ •μ„± ν™•λ³΄"
    ],
    "key_issues": [
      "ν—¬μ¤ μ²΄ν¬ μ—”λ“ν¬μΈνΈμ—μ„ 404 μ¤λ¥ λ°μƒ",
      "μ •μ  νμΌ λ„λ½ λ¬Έμ  λ°μƒ"
    ]
  },
  "failures_learned": [
    {
      "time": "2025-11-19T21:23:55Z",
      "context": "/agi/ μ—”λ“ν¬μΈνΈμ—μ„ ν—¬μ¤ μ²΄ν¬ μ‹¤ν¨",
      "root_cause": "μ •μ  νμΌ λ„λ½",
      "lesson": "μ •μ  νμΌμ„ 
[2025-11-20 13:14:21] β… JSON successfully parsed.
[2025-11-20 13:14:21] π“ Reflection saved successfully.
[2025-11-20 13:14:21] π Insight: ν„μ¬ μ‹μ¤ν…μ€ ν—¬μ¤ μ²΄ν¬ μ¤λ¥μ™€ μ •μ  νμΌ λ„λ½μΌλ΅ μΈν•΄ λ¶μ•μ •ν•λ©°, λΉλ²ν• 404 μ¤λ¥κ°€ λ°μƒν•κ³  μμµλ‹λ‹¤.
[2025-11-20 13:14:21] π― Goal: ν—¬μ¤ μ²΄ν¬ μ—”λ“ν¬μΈνΈ μ¤λ¥ μμ •, μ •μ  νμΌ λ³µκµ¬
[2025-11-20 13:14:21] π”Ή Confidence: 0.2
[2025-11-20 13:14:41] π€ AGI Reflection Engine started.
[2025-11-20 13:14:41] β… Memory loaded successfully.
[2025-11-20 13:14:57] π§  Raw reflection text:
{
  "insight": "ν„μ¬ μ‹μ¤ν…μ€ ν—¬μ¤ μ²΄ν¬ μ¤λ¥μ™€ μ •μ  νμΌ λ„λ½μΌλ΅ μΈν•΄ λ¶μ•μ •ν•λ©°, λΉλ²ν• 404 μ¤λ¥κ°€ λ°μƒν•κ³  μμµλ‹λ‹¤.",
  "improvement_goal": "ν—¬μ¤ μ²΄ν¬ μ—”λ“ν¬μΈνΈ μ¤λ¥ μμ •, μ •μ  νμΌ λ³µκµ¬",
  "confidence": 0.2,
  "self_critique": "ν—¬μ¤ μ²΄ν¬μ—μ„ μ‹¤ν¨κ°€ λ°μƒν•μ€κ³ , μ •μ  νμΌμ λ„λ½μ΄ μ£Όλ μ›μΈμ…λ‹λ‹¤. μ΄λ¬ν• λ¬Έμ λ” μ‹μ¤ν…μ μ•μ •μ„±μ„ ν¬κ² μ €ν•΄ν•κ³  μμµλ‹λ‹¤.",
  "last_decision_score": 0.4,
  "long_term_goals": [
    {
      "id": "ltg_2025_agi",
      "title": "RC25S AGI μƒμ© μμ¤€ μ•μ •ν™”",
      "description": "ν—¬μ¤ μ²΄ν¬ μ¤λ¥μ™€ μ •μ  νμΌ λ¬Έμ λ¥Ό μ΅°μ†ν ν•΄κ²°ν•μ—¬ μ§€μ† κ°€λ¥ν• μ΄μμ„ λ³΄μ¥ν•΄μ•Ό ν•©λ‹λ‹¤.",
      "horizon": "3-6 months",
      "priority": 100,
      "status": "active"
    }
  ],
  "weekly_summary": {
    "week_of": "2025-11-15",
    "summary": "μ΄λ² μ£Όμ—λ” Nginx μ¬λΉλ“κ°€ μ™„λ£λμ—μΌλ‚ ν—¬μ¤ μ²΄ν¬ λ° μ •μ  νμΌ κ΄€λ ¨ λ¬Έμ λ” μ—¬μ „ν ν•΄κ²°λμ§€ μ•μ•μµλ‹λ‹¤.",
    "key_wins": [
      "Nginx μ¬λΉλ“ μ™„λ£",
      "Self-Check ν”„λ΅μ„Έμ¤ μ•μ •μ„± ν™•λ³΄"
    ],
    "key_issues": [
      "ν—¬μ¤ μ²΄ν¬ μ—”λ“ν¬μΈνΈμ—μ„ 404 μ¤λ¥ λ°μƒ",
      "μ •μ  νμΌ λ„λ½ λ¬Έμ  λ°μƒ"
    ]
  },
  "failures_learned": [
    {
      "time": "2025-11-19T21:23:55Z",
      "context": "/agi/ μ—”λ“ν¬μΈνΈμ—μ„ ν—¬μ¤ μ²΄ν¬ μ‹¤ν¨",
      "root_cause": "μ •μ  νμΌ λ„λ½",
      "lesson": "μ •μ  νμΌμ„ 
[2025-11-20 13:14:57] β… JSON successfully parsed.
[2025-11-20 13:14:57] π“ Reflection saved successfully.
[2025-11-20 13:14:57] π Insight: ν„μ¬ μ‹μ¤ν…μ€ ν—¬μ¤ μ²΄ν¬ μ¤λ¥μ™€ μ •μ  νμΌ λ„λ½μΌλ΅ μΈν•΄ λ¶μ•μ •ν•λ©°, λΉλ²ν• 404 μ¤λ¥κ°€ λ°μƒν•κ³  μμµλ‹λ‹¤.
[2025-11-20 13:14:57] π― Goal: ν—¬μ¤ μ²΄ν¬ μ—”λ“ν¬μΈνΈ μ¤λ¥ μμ •, μ •μ  νμΌ λ³µκµ¬
[2025-11-20 13:14:57] π”Ή Confidence: 0.2
[2025-11-20 13:15:19] π€ AGI Reflection Engine started.
[2025-11-20 13:15:19] β… Memory loaded successfully.
[2025-11-20 13:15:39] π§  Raw reflection text:
{
  "insight": "ν„μ¬ μ‹μ¤ν…μ€ ν—¬μ¤ μ²΄ν¬ μ¤λ¥μ™€ μ •μ  νμΌ λ„λ½μΌλ΅ μΈν•΄ λ¶μ•μ •ν•λ©°, λΉλ²ν• 404 μ¤λ¥κ°€ λ°μƒν•κ³  μμµλ‹λ‹¤.",
  "improvement_goal": "ν—¬μ¤ μ²΄ν¬ μ—”λ“ν¬μΈνΈ μ¤λ¥ μμ •, μ •μ  νμΌ λ³µκµ¬",
  "confidence": 0.2,
  "self_critique": "ν—¬μ¤ μ²΄ν¬μ—μ„ μ‹¤ν¨κ°€ λ°μƒν•κ³ , μ •μ  νμΌμ΄ λ„λ½λ μƒνƒμ…λ‹λ‹¤. μ΄λ¬ν• λ¬Έμ λ” μ‹μ¤ν…μ μ•μ •μ„±μ„ ν¬κ² μ €ν•΄ν•κ³  μμΌλ©°, μ΄μ— λ”°λΌ μμ‚¬κ²°μ • μ μκ°€ λ‚®κ² ν‰κ°€λμ—μµλ‹λ‹¤.",
  "last_decision_score": 0.4,
  "long_term_goals": [
    {
      "id": "ltg_2025_agi",
      "title": "RC25S AGI μƒμ© μμ¤€ μ•μ •ν™”",
      "description": "ν—¬μ¤ μ²΄ν¬ μ¤λ¥μ™€ μ •μ  νμΌ λ¬Έμ λ¥Ό μ΅°μ†ν ν•΄κ²°ν•μ—¬ μ§€μ† κ°€λ¥ν• μ΄μμ„ λ³΄μ¥ν•΄μ•Ό ν•©λ‹λ‹¤.",
      "horizon": "3-6 months",
      "priority": 100,
      "status": "active"
    }
  ],
  "weekly_summary": {
    "week_of": "2025-11-15",
    "summary": "μ΄λ² μ£Όμ—λ” Nginx μ¬λΉλ“κ°€ μ™„λ£λμ—μΌλ‚ ν—¬μ¤ μ²΄ν¬ λ° μ •μ  νμΌ κ΄€λ ¨ λ¬Έμ λ” μ—¬μ „ν ν•΄κ²°λμ§€ μ•μ•μµλ‹λ‹¤.",
    "key_wins": [
      "Nginx μ¬λΉλ“ μ™„λ£",
      "Self-Check ν”„λ΅μ„Έμ¤ μ•μ •μ„± ν™•λ³΄"
    ],
    "key_issues": [
      "ν—¬μ¤ μ²΄ν¬ μ—”λ“ν¬μΈνΈμ—μ„ 404 μ¤λ¥ λ°μƒ",
      "μ •μ  νμΌ λ„λ½ λ¬Έμ  λ°μƒ"
    ]
  },
  "failures_learned": [
    {
      "time": "2025-11-19T21:23:55Z",
      "context": "/agi/ μ—”λ“ν¬μΈνΈμ—μ„ ν—¬μ¤ μ²΄ν¬ μ‹¤ν¨",
      "root_cause": "μ •μ  νμΌ λ„λ½",
  
[2025-11-20 13:15:39] β… JSON successfully parsed.
[2025-11-20 13:15:39] π“ Reflection saved successfully.
[2025-11-20 13:15:39] π Insight: ν„μ¬ μ‹μ¤ν…μ€ ν—¬μ¤ μ²΄ν¬ μ¤λ¥μ™€ μ •μ  νμΌ λ„λ½μΌλ΅ μΈν•΄ λ¶μ•μ •ν•λ©°, λΉλ²ν• 404 μ¤λ¥κ°€ λ°μƒν•κ³  μμµλ‹λ‹¤.
[2025-11-20 13:15:39] π― Goal: ν—¬μ¤ μ²΄ν¬ μ—”λ“ν¬μΈνΈ μ¤λ¥ μμ •, μ •μ  νμΌ λ³µκµ¬
[2025-11-20 13:15:39] π”Ή Confidence: 0.2
[2025-11-20 13:16:05] π€ AGI Reflection Engine started.
[2025-11-20 13:16:05] β… Memory loaded successfully.
[2025-11-20 13:16:29] π§  Raw reflection text:
{
  "insight": "ν„μ¬ μ‹μ¤ν…μ€ μ§€μ†μ μΈ ν—¬μ¤ μ²΄ν¬ μ¤λ¥μ™€ μ •μ  νμΌ λ„λ½μΌλ΅ μΈν•΄ λ¶μ•μ •ν•λ©°, λΉλ²ν• 404 μ¤λ¥κ°€ λ°μƒν•κ³  μμµλ‹λ‹¤.",
  "improvement_goal": "ν—¬μ¤ μ²΄ν¬ μ—”λ“ν¬μΈνΈ μ¤λ¥ μμ •, μ •μ  νμΌ λ³µκµ¬",
  "confidence": 0.2,
  "self_critique": "μµκ·Ό μμ‚¬κ²°μ •κ³Ό ν–‰λ™ λ£¨ν”„μ—μ„ ν—¬μ¤ μ²΄ν¬κ°€ μ‹¤ν¨ν•κ³  404 μ¤λ¥κ°€ λΉλ²ν•κ² λ°μƒν•μ—¬ μ‹μ¤ν…μ μ•μ •μ„±μ΄ ν¬κ² μ €ν•΄λμ—μµλ‹λ‹¤.",
  "last_decision_score": 0.4,
  "long_term_goals": [
    {
      "id": "ltg_2025_agi",
      "title": "RC25S AGI μƒμ© μμ¤€ μ•μ •ν™”",
      "description": "ν—¬μ¤ μ²΄ν¬ μ¤λ¥μ™€ μ •μ  νμΌ λ¬Έμ λ¥Ό ν•΄κ²°ν•μ—¬ μ§€μ† κ°€λ¥ν• μ΄μμ„ λ³΄μ¥ν•λ” κ²ƒμ΄ μ¤‘μ”ν•©λ‹λ‹¤.",
      "horizon": "3-6 months",
      "priority": 100,
      "status": "active"
    }
  ],
  "weekly_summary": {
    "week_of": "2025-11-15",
    "summary": "μ΄λ² μ£Όμ— Nginx μ¬λΉλ“κ°€ μ™„λ£λμ—μΌλ‚ μ—¬μ „ν ν—¬μ¤ μ²΄ν¬ λ° μ •μ  νμΌ κ΄€λ ¨ λ¬Έμ λ” ν•΄κ²°λμ§€ μ•μ•μµλ‹λ‹¤.",
    "key_wins": [
      "Nginx μ¬λΉλ“ μ™„λ£",
      "Self-Check ν”„λ΅μ„Έμ¤ μ•μ •μ„± ν™•λ³΄"
    ],
    "key_issues": [
      "ν—¬μ¤ μ²΄ν¬ μ—”λ“ν¬μΈνΈμ—μ„ 404 μ¤λ¥ λ°μƒ",
      "μ •μ  νμΌ λ„λ½ λ¬Έμ  λ°μƒ"
    ]
  },
  "failures_learned": [
    {
      "time": "2025-11-19T21:23:55Z",
      "context": "/agi/ μ—”λ“ν¬μΈνΈμ—μ„ ν—¬μ¤ μ²΄ν¬ μ‹¤ν¨",
      "root_cause": "μ •μ  νμΌ λ„λ½",
      "lesson": "μ •μ  νμΌ
[2025-11-20 13:16:29] β… JSON successfully parsed.
[2025-11-20 13:16:29] π“ Reflection saved successfully.
[2025-11-20 13:16:29] π Insight: ν„μ¬ μ‹μ¤ν…μ€ μ§€μ†μ μΈ ν—¬μ¤ μ²΄ν¬ μ¤λ¥μ™€ μ •μ  νμΌ λ„λ½μΌλ΅ μΈν•΄ λ¶μ•μ •ν•λ©°, λΉλ²ν• 404 μ¤λ¥κ°€ λ°μƒν•κ³  μμµλ‹λ‹¤.
[2025-11-20 13:16:29] π― Goal: ν—¬μ¤ μ²΄ν¬ μ—”λ“ν¬μΈνΈ μ¤λ¥ μμ •, μ •μ  νμΌ λ³µκµ¬
[2025-11-20 13:16:29] π”Ή Confidence: 0.2
[2025-11-20 13:16:57] π€ AGI Reflection Engine started.
[2025-11-20 13:16:57] β… Memory loaded successfully.
